INFO	2023-01-12 21:12:46,151	0	TestActivity	[main]	Starting Test Session...
INFO	2023-01-12 21:12:46,152	1	TestActivity	[main]	Initializing Test Data...
INFO	2023-01-12 21:12:49,445	3294	io.github.bonigarcia.wdm.WebDriverManager	[main]	Using chromedriver 108.0.5359.71 (resolved driver for Chrome 108)
INFO	2023-01-12 21:12:49,519	3368	io.github.bonigarcia.wdm.WebDriverManager	[main]	Exporting webdriver.chrome.driver as C:\Users\chind\.cache\selenium\chromedriver\win32\108.0.5359.71\chromedriver.exe
INFO	2023-01-12 21:13:00,268	14117	sprede.stepdefinitions.BaseSteps	[main]	Login sprede using valid user name and password is started
INFO	2023-01-12 21:13:07,659	21508	sprede.stepdefinitions.BaseSteps	[main]	Login sprede using valid user name and password:PASSED
INFO	2023-01-12 21:13:09,773	23622	TestActivity	[main]	Starting Test Session...
INFO	2023-01-12 21:13:09,773	23622	TestActivity	[main]	Initializing Test Data...
INFO	2023-01-12 21:13:09,782	23631	io.github.bonigarcia.wdm.WebDriverManager	[main]	Using chromedriver 108.0.5359.71 (resolved driver for Chrome 108)
INFO	2023-01-12 21:13:09,788	23637	io.github.bonigarcia.wdm.WebDriverManager	[main]	Exporting webdriver.chrome.driver as C:\Users\chind\.cache\selenium\chromedriver\win32\108.0.5359.71\chromedriver.exe
INFO	2023-01-12 21:13:13,687	27536	sprede.stepdefinitions.BaseSteps	[main]	Login sprede using valid user name and password is started
INFO	2023-01-12 21:13:28,955	42804	sprede.stepdefinitions.BaseSteps	[main]	Login sprede using valid user name and password:FAILED
INFO	2023-01-12 21:13:38,720	52569	TestActivity	[main]	Starting Test Session...
INFO	2023-01-12 21:13:38,720	52569	TestActivity	[main]	Initializing Test Data...
INFO	2023-01-12 21:13:38,728	52577	io.github.bonigarcia.wdm.WebDriverManager	[main]	Using chromedriver 108.0.5359.71 (resolved driver for Chrome 108)
INFO	2023-01-12 21:13:38,732	52581	io.github.bonigarcia.wdm.WebDriverManager	[main]	Exporting webdriver.chrome.driver as C:\Users\chind\.cache\selenium\chromedriver\win32\108.0.5359.71\chromedriver.exe
INFO	2023-01-12 21:13:42,058	55907	sprede.stepdefinitions.BaseSteps	[main]	Login sprede using valid user name and password is started
INFO	2023-01-12 21:13:57,273	71122	sprede.stepdefinitions.BaseSteps	[main]	Login sprede using valid user name and password:FAILED
INFO	2023-01-16 17:06:57,967	0	TestActivity	[main]	Starting Test Session...
INFO	2023-01-16 17:06:57,967	0	TestActivity	[main]	Initializing Test Data...
INFO	2023-01-16 17:07:00,062	2095	io.github.bonigarcia.wdm.WebDriverManager	[main]	Using chromedriver 108.0.5359.71 (resolved driver for Chrome 108)
INFO	2023-01-16 17:07:00,089	2122	io.github.bonigarcia.wdm.WebDriverManager	[main]	Exporting webdriver.chrome.driver as C:\Users\sethi\.cache\selenium\chromedriver\win32\108.0.5359.71\chromedriver.exe
INFO	2023-01-16 17:07:06,196	8229	sprede.stepdefinitions.BaseSteps	[main]	Login sprede using valid user name and password is started
INFO	2023-01-16 17:07:13,391	15424	sprede.stepdefinitions.BaseSteps	[main]	Login sprede using valid user name and password:PASSED
INFO	2023-01-16 17:07:15,033	17066	TestActivity	[main]	Starting Test Session...
INFO	2023-01-16 17:07:15,033	17066	TestActivity	[main]	Initializing Test Data...
INFO	2023-01-16 17:07:15,064	17097	io.github.bonigarcia.wdm.WebDriverManager	[main]	Using chromedriver 108.0.5359.71 (resolved driver for Chrome 108)
INFO	2023-01-16 17:07:15,079	17112	io.github.bonigarcia.wdm.WebDriverManager	[main]	Exporting webdriver.chrome.driver as C:\Users\sethi\.cache\selenium\chromedriver\win32\108.0.5359.71\chromedriver.exe
INFO	2023-01-16 17:07:19,702	21735	sprede.stepdefinitions.BaseSteps	[main]	Login sprede using valid user name and password is started
INFO	2023-01-16 17:07:34,813	36846	sprede.stepdefinitions.BaseSteps	[main]	Login sprede using valid user name and password:FAILED
INFO	2023-01-16 17:08:11,715	0	TestActivity	[main]	Starting Test Session...
INFO	2023-01-16 17:08:11,716	1	TestActivity	[main]	Initializing Test Data...
INFO	2023-01-16 17:08:12,323	608	io.github.bonigarcia.wdm.WebDriverManager	[main]	Using chromedriver 108.0.5359.71 (resolved driver for Chrome 108)
INFO	2023-01-16 17:08:12,365	650	io.github.bonigarcia.wdm.WebDriverManager	[main]	Exporting webdriver.chrome.driver as C:\Users\sethi\.cache\selenium\chromedriver\win32\108.0.5359.71\chromedriver.exe
INFO	2023-01-16 17:08:19,357	7642	sprede.stepdefinitions.BaseSteps	[main]	Login sprede using valid user name and password is started
INFO	2023-01-16 17:08:26,436	14721	sprede.stepdefinitions.BaseSteps	[main]	Login sprede using valid user name and password:PASSED
INFO	2023-01-16 17:19:25,869	0	TestActivity	[main]	Starting Test Session...
INFO	2023-01-16 17:19:25,870	1	TestActivity	[main]	Initializing Test Data...
INFO	2023-01-16 17:19:26,490	621	io.github.bonigarcia.wdm.WebDriverManager	[main]	Using chromedriver 108.0.5359.71 (resolved driver for Chrome 108)
INFO	2023-01-16 17:19:26,522	653	io.github.bonigarcia.wdm.WebDriverManager	[main]	Exporting webdriver.chrome.driver as C:\Users\sethi\.cache\selenium\chromedriver\win32\108.0.5359.71\chromedriver.exe
INFO	2023-01-16 17:19:34,375	8506	sprede.stepdefinitions.BaseSteps	[main]	Login sprede using valid user name and password is started
INFO	2023-01-16 17:19:41,878	16009	sprede.stepdefinitions.BaseSteps	[main]	Login sprede using valid user name and password:PASSED
INFO	2023-01-16 17:21:55,005	0	TestActivity	[main]	Starting Test Session...
INFO	2023-01-16 17:21:55,005	0	TestActivity	[main]	Initializing Test Data...
INFO	2023-01-16 17:21:55,626	621	io.github.bonigarcia.wdm.WebDriverManager	[main]	Using chromedriver 108.0.5359.71 (resolved driver for Chrome 108)
INFO	2023-01-16 17:21:55,659	654	io.github.bonigarcia.wdm.WebDriverManager	[main]	Exporting webdriver.chrome.driver as C:\Users\sethi\.cache\selenium\chromedriver\win32\108.0.5359.71\chromedriver.exe
INFO	2023-01-16 17:22:00,825	5820	sprede.stepdefinitions.BaseSteps	[main]	Login sprede using valid user name and password is started
INFO	2023-01-16 17:22:07,780	12775	sprede.stepdefinitions.BaseSteps	[main]	Login sprede using valid user name and password:PASSED
INFO	2023-01-16 17:26:14,603	0	TestActivity	[main]	Starting Test Session...
INFO	2023-01-16 17:26:14,603	0	TestActivity	[main]	Initializing Test Data...
INFO	2023-01-16 17:26:15,182	579	io.github.bonigarcia.wdm.WebDriverManager	[main]	Using chromedriver 108.0.5359.71 (resolved driver for Chrome 108)
INFO	2023-01-16 17:26:15,216	613	io.github.bonigarcia.wdm.WebDriverManager	[main]	Exporting webdriver.chrome.driver as C:\Users\sethi\.cache\selenium\chromedriver\win32\108.0.5359.71\chromedriver.exe
INFO	2023-01-16 17:26:20,148	5545	sprede.stepdefinitions.BaseSteps	[main]	Login sprede using valid user name and password is started
INFO	2023-01-16 17:26:27,054	12451	sprede.stepdefinitions.BaseSteps	[main]	Login sprede using valid user name and password:PASSED
INFO	2023-01-16 17:30:14,239	0	TestActivity	[main]	Starting Test Session...
INFO	2023-01-16 17:30:14,239	0	TestActivity	[main]	Initializing Test Data...
INFO	2023-01-16 17:30:14,780	541	io.github.bonigarcia.wdm.WebDriverManager	[main]	Using chromedriver 108.0.5359.71 (resolved driver for Chrome 108)
INFO	2023-01-16 17:30:14,816	577	io.github.bonigarcia.wdm.WebDriverManager	[main]	Exporting webdriver.chrome.driver as C:\Users\sethi\.cache\selenium\chromedriver\win32\108.0.5359.71\chromedriver.exe
INFO	2023-01-16 17:30:20,056	5817	sprede.stepdefinitions.BaseSteps	[main]	Login sprede using valid user name and password:FAILED
INFO	2023-01-16 17:31:52,189	0	TestActivity	[main]	Starting Test Session...
INFO	2023-01-16 17:31:52,190	1	TestActivity	[main]	Initializing Test Data...
INFO	2023-01-16 17:31:52,780	591	io.github.bonigarcia.wdm.WebDriverManager	[main]	Using chromedriver 108.0.5359.71 (resolved driver for Chrome 108)
INFO	2023-01-16 17:31:52,819	630	io.github.bonigarcia.wdm.WebDriverManager	[main]	Exporting webdriver.chrome.driver as C:\Users\sethi\.cache\selenium\chromedriver\win32\108.0.5359.71\chromedriver.exe
INFO	2023-01-16 17:31:59,749	7560	sprede.stepdefinitions.BaseSteps	[main]	Login sprede using valid user name and password is started
INFO	2023-01-16 17:32:07,155	14966	sprede.stepdefinitions.BaseSteps	[main]	Login sprede using valid user name and password:PASSED
INFO	2023-01-16 17:33:07,162	0	TestActivity	[main]	Starting Test Session...
INFO	2023-01-16 17:33:07,162	0	TestActivity	[main]	Initializing Test Data...
INFO	2023-01-16 17:33:07,731	569	io.github.bonigarcia.wdm.WebDriverManager	[main]	Using chromedriver 108.0.5359.71 (resolved driver for Chrome 108)
INFO	2023-01-16 17:33:07,772	610	io.github.bonigarcia.wdm.WebDriverManager	[main]	Exporting webdriver.chrome.driver as C:\Users\sethi\.cache\selenium\chromedriver\win32\108.0.5359.71\chromedriver.exe
INFO	2023-01-16 17:33:15,174	8012	sprede.stepdefinitions.BaseSteps	[main]	Login sprede using valid user name and password is started
INFO	2023-01-16 17:33:22,190	15028	sprede.stepdefinitions.BaseSteps	[main]	Login sprede using valid user name and password:PASSED
INFO	2023-01-16 17:34:34,309	0	TestActivity	[main]	Starting Test Session...
INFO	2023-01-16 17:34:34,310	1	TestActivity	[main]	Initializing Test Data...
INFO	2023-01-16 17:34:34,880	571	io.github.bonigarcia.wdm.WebDriverManager	[main]	Using chromedriver 108.0.5359.71 (resolved driver for Chrome 108)
INFO	2023-01-16 17:34:34,915	606	io.github.bonigarcia.wdm.WebDriverManager	[main]	Exporting webdriver.chrome.driver as C:\Users\sethi\.cache\selenium\chromedriver\win32\108.0.5359.71\chromedriver.exe
INFO	2023-01-16 17:35:13,925	39616	sprede.stepdefinitions.BaseSteps	[main]	Login sprede using valid user name and password:FAILED
INFO	2023-01-16 17:35:26,483	0	TestActivity	[main]	Starting Test Session...
INFO	2023-01-16 17:35:26,483	0	TestActivity	[main]	Initializing Test Data...
INFO	2023-01-16 17:35:27,265	782	io.github.bonigarcia.wdm.WebDriverManager	[main]	Using chromedriver 108.0.5359.71 (resolved driver for Chrome 108)
INFO	2023-01-16 17:35:27,318	835	io.github.bonigarcia.wdm.WebDriverManager	[main]	Exporting webdriver.chrome.driver as C:\Users\sethi\.cache\selenium\chromedriver\win32\108.0.5359.71\chromedriver.exe
INFO	2023-01-16 17:35:38,017	11534	sprede.stepdefinitions.BaseSteps	[main]	Login sprede using valid user name and password is started
INFO	2023-01-16 17:35:45,070	18587	sprede.stepdefinitions.BaseSteps	[main]	Login sprede using valid user name and password:PASSED
INFO	2023-01-16 18:57:46,244	0	TestActivity	[main]	Starting Test Session...
INFO	2023-01-16 18:57:46,245	1	TestActivity	[main]	Initializing Test Data...
INFO	2023-01-16 18:57:48,304	2060	io.github.bonigarcia.wdm.WebDriverManager	[main]	Using chromedriver 108.0.5359.71 (resolved driver for Chrome 108)
INFO	2023-01-16 18:57:48,331	2087	io.github.bonigarcia.wdm.WebDriverManager	[main]	Exporting webdriver.chrome.driver as C:\Users\sethi\.cache\selenium\chromedriver\win32\108.0.5359.71\chromedriver.exe
INFO	2023-01-16 18:57:53,753	7509	sprede.stepdefinitions.BaseSteps	[main]	Login sprede using valid user name and password is started
INFO	2023-01-16 18:58:00,682	14438	sprede.stepdefinitions.BaseSteps	[main]	Login sprede using valid user name and password:PASSED
INFO	2023-01-16 18:58:37,178	0	TestActivity	[main]	Starting Test Session...
INFO	2023-01-16 18:58:37,179	1	TestActivity	[main]	Initializing Test Data...
INFO	2023-01-16 18:58:37,755	577	io.github.bonigarcia.wdm.WebDriverManager	[main]	Using chromedriver 108.0.5359.71 (resolved driver for Chrome 108)
INFO	2023-01-16 18:58:37,791	613	io.github.bonigarcia.wdm.WebDriverManager	[main]	Exporting webdriver.chrome.driver as C:\Users\sethi\.cache\selenium\chromedriver\win32\108.0.5359.71\chromedriver.exe
INFO	2023-01-16 18:58:42,604	5426	sprede.stepdefinitions.BaseSteps	[main]	Creating an target for the user is started
INFO	2023-01-16 18:58:48,755	11577	sprede.stepdefinitions.BaseSteps	[main]	Creating an target for the user:PASSED
INFO	2023-01-16 19:02:29,970	0	TestActivity	[main]	Starting Test Session...
INFO	2023-01-16 19:02:29,971	1	TestActivity	[main]	Initializing Test Data...
INFO	2023-01-16 19:02:30,524	554	io.github.bonigarcia.wdm.WebDriverManager	[main]	Using chromedriver 108.0.5359.71 (resolved driver for Chrome 108)
INFO	2023-01-16 19:02:30,582	612	io.github.bonigarcia.wdm.WebDriverManager	[main]	Exporting webdriver.chrome.driver as C:\Users\sethi\.cache\selenium\chromedriver\win32\108.0.5359.71\chromedriver.exe
INFO	2023-01-16 19:02:35,580	5610	sprede.stepdefinitions.BaseSteps	[main]	Creating an target for the user:FAILED
INFO	2023-01-16 19:11:56,738	0	TestActivity	[main]	Starting Test Session...
INFO	2023-01-16 19:11:56,739	1	TestActivity	[main]	Initializing Test Data...
INFO	2023-01-16 19:11:57,322	584	io.github.bonigarcia.wdm.WebDriverManager	[main]	Using chromedriver 108.0.5359.71 (resolved driver for Chrome 108)
INFO	2023-01-16 19:11:57,358	620	io.github.bonigarcia.wdm.WebDriverManager	[main]	Exporting webdriver.chrome.driver as C:\Users\sethi\.cache\selenium\chromedriver\win32\108.0.5359.71\chromedriver.exe
INFO	2023-01-16 19:12:04,608	7870	sprede.stepdefinitions.BaseSteps	[main]	Creating an target for the user:FAILED
INFO	2023-01-16 19:14:23,866	0	TestActivity	[main]	Starting Test Session...
INFO	2023-01-16 19:14:23,867	1	TestActivity	[main]	Initializing Test Data...
INFO	2023-01-16 19:14:24,601	735	io.github.bonigarcia.wdm.WebDriverManager	[main]	Using chromedriver 108.0.5359.71 (resolved driver for Chrome 108)
INFO	2023-01-16 19:14:24,643	777	io.github.bonigarcia.wdm.WebDriverManager	[main]	Exporting webdriver.chrome.driver as C:\Users\sethi\.cache\selenium\chromedriver\win32\108.0.5359.71\chromedriver.exe
INFO	2023-01-16 19:14:32,592	8726	sprede.stepdefinitions.BaseSteps	[main]	Creating an target for the user:FAILED
INFO	2023-01-16 19:14:34,077	10211	TestActivity	[main]	Starting Test Session...
INFO	2023-01-16 19:14:34,078	10212	TestActivity	[main]	Initializing Test Data...
INFO	2023-01-16 19:14:34,118	10252	io.github.bonigarcia.wdm.WebDriverManager	[main]	Using chromedriver 108.0.5359.71 (resolved driver for Chrome 108)
INFO	2023-01-16 19:14:34,137	10271	io.github.bonigarcia.wdm.WebDriverManager	[main]	Exporting webdriver.chrome.driver as C:\Users\sethi\.cache\selenium\chromedriver\win32\108.0.5359.71\chromedriver.exe
INFO	2023-01-16 19:14:38,951	15085	sprede.stepdefinitions.BaseSteps	[main]	Login sprede using valid user name and password:FAILED
INFO	2023-01-16 19:16:01,323	0	TestActivity	[main]	Starting Test Session...
INFO	2023-01-16 19:16:01,324	1	TestActivity	[main]	Initializing Test Data...
INFO	2023-01-16 19:16:01,878	555	io.github.bonigarcia.wdm.WebDriverManager	[main]	Using chromedriver 108.0.5359.71 (resolved driver for Chrome 108)
INFO	2023-01-16 19:16:01,925	602	io.github.bonigarcia.wdm.WebDriverManager	[main]	Exporting webdriver.chrome.driver as C:\Users\sethi\.cache\selenium\chromedriver\win32\108.0.5359.71\chromedriver.exe
INFO	2023-01-16 19:16:07,025	5702	sprede.stepdefinitions.BaseSteps	[main]	Creating an target for the user:FAILED
INFO	2023-01-16 19:16:08,251	6928	TestActivity	[main]	Starting Test Session...
INFO	2023-01-16 19:16:08,251	6928	TestActivity	[main]	Initializing Test Data...
INFO	2023-01-16 19:16:08,300	6977	io.github.bonigarcia.wdm.WebDriverManager	[main]	Using chromedriver 108.0.5359.71 (resolved driver for Chrome 108)
INFO	2023-01-16 19:16:08,320	6997	io.github.bonigarcia.wdm.WebDriverManager	[main]	Exporting webdriver.chrome.driver as C:\Users\sethi\.cache\selenium\chromedriver\win32\108.0.5359.71\chromedriver.exe
INFO	2023-01-16 19:16:15,456	14133	sprede.stepdefinitions.BaseSteps	[main]	Login sprede using valid user name and password:FAILED
INFO	2023-01-17 08:25:45,384	0	TestActivity	[main]	Starting Test Session...
INFO	2023-01-17 08:25:45,387	3	TestActivity	[main]	Initializing Test Data...
INFO	2023-01-17 08:25:46,812	1428	io.github.bonigarcia.wdm.WebDriverManager	[main]	Using chromedriver 108.0.5359.71 (resolved driver for Chrome 108)
INFO	2023-01-17 08:25:46,838	1454	io.github.bonigarcia.wdm.WebDriverManager	[main]	Exporting webdriver.chrome.driver as C:\Users\sethi\.cache\selenium\chromedriver\win32\108.0.5359.71\chromedriver.exe
INFO	2023-01-17 08:25:51,822	6438	sprede.stepdefinitions.BaseSteps	[main]	Creating an target for the user:FAILED
INFO	2023-01-17 08:25:53,127	7743	TestActivity	[main]	Starting Test Session...
INFO	2023-01-17 08:25:53,127	7743	TestActivity	[main]	Initializing Test Data...
INFO	2023-01-17 08:25:53,148	7764	io.github.bonigarcia.wdm.WebDriverManager	[main]	Using chromedriver 108.0.5359.71 (resolved driver for Chrome 108)
INFO	2023-01-17 08:25:53,165	7781	io.github.bonigarcia.wdm.WebDriverManager	[main]	Exporting webdriver.chrome.driver as C:\Users\sethi\.cache\selenium\chromedriver\win32\108.0.5359.71\chromedriver.exe
INFO	2023-01-17 08:25:57,387	12003	sprede.stepdefinitions.BaseSteps	[main]	Login sprede using valid user name and password:FAILED
INFO	2023-01-17 08:56:19,236	0	TestActivity	[main]	Starting Test Session...
INFO	2023-01-17 08:56:19,237	1	TestActivity	[main]	Initializing Test Data...
INFO	2023-01-17 08:56:20,060	824	io.github.bonigarcia.wdm.WebDriverManager	[main]	Using chromedriver 108.0.5359.71 (resolved driver for Chrome 108)
INFO	2023-01-17 08:56:20,111	875	io.github.bonigarcia.wdm.WebDriverManager	[main]	Exporting webdriver.chrome.driver as C:\Users\sethi\.cache\selenium\chromedriver\win32\108.0.5359.71\chromedriver.exe
INFO	2023-01-17 08:56:27,840	8604	sprede.stepdefinitions.BaseSteps	[main]	Creating an target for the user:FAILED
INFO	2023-01-17 08:56:29,944	10708	TestActivity	[main]	Starting Test Session...
INFO	2023-01-17 08:56:29,944	10708	TestActivity	[main]	Initializing Test Data...
INFO	2023-01-17 08:56:29,981	10745	io.github.bonigarcia.wdm.WebDriverManager	[main]	Using chromedriver 108.0.5359.71 (resolved driver for Chrome 108)
INFO	2023-01-17 08:56:30,004	10768	io.github.bonigarcia.wdm.WebDriverManager	[main]	Exporting webdriver.chrome.driver as C:\Users\sethi\.cache\selenium\chromedriver\win32\108.0.5359.71\chromedriver.exe
INFO	2023-01-17 08:56:35,819	16583	sprede.stepdefinitions.BaseSteps	[main]	Login sprede using valid user name and password:FAILED
INFO	2023-01-17 08:57:09,407	0	TestActivity	[main]	Starting Test Session...
INFO	2023-01-17 08:57:09,407	0	TestActivity	[main]	Initializing Test Data...
INFO	2023-01-17 08:57:10,096	689	io.github.bonigarcia.wdm.WebDriverManager	[main]	Using chromedriver 108.0.5359.71 (resolved driver for Chrome 108)
INFO	2023-01-17 08:57:10,135	728	io.github.bonigarcia.wdm.WebDriverManager	[main]	Exporting webdriver.chrome.driver as C:\Users\sethi\.cache\selenium\chromedriver\win32\108.0.5359.71\chromedriver.exe
INFO	2023-01-17 08:57:17,590	8183	sprede.stepdefinitions.BaseSteps	[main]	Login sprede using valid user name and password:FAILED
INFO	2023-01-17 10:23:50,054	0	TestActivity	[main]	Starting Test Session...
INFO	2023-01-17 10:23:50,055	1	TestActivity	[main]	Initializing Test Data...
INFO	2023-01-17 10:23:51,755	1701	io.github.bonigarcia.wdm.WebDriverManager	[main]	Using chromedriver 108.0.5359.71 (resolved driver for Chrome 108)
INFO	2023-01-17 10:23:51,787	1733	io.github.bonigarcia.wdm.WebDriverManager	[main]	Exporting webdriver.chrome.driver as C:\Users\sethi\.cache\selenium\chromedriver\win32\108.0.5359.71\chromedriver.exe
INFO	2023-01-17 10:23:58,201	8147	sprede.stepdefinitions.BaseSteps	[main]	Login sprede using valid user name and password:FAILED
INFO	2023-01-17 10:24:52,074	0	TestActivity	[main]	Starting Test Session...
INFO	2023-01-17 10:24:52,075	1	TestActivity	[main]	Initializing Test Data...
INFO	2023-01-17 10:24:52,779	705	io.github.bonigarcia.wdm.WebDriverManager	[main]	Using chromedriver 108.0.5359.71 (resolved driver for Chrome 108)
INFO	2023-01-17 10:24:52,820	746	io.github.bonigarcia.wdm.WebDriverManager	[main]	Exporting webdriver.chrome.driver as C:\Users\sethi\.cache\selenium\chromedriver\win32\108.0.5359.71\chromedriver.exe
INFO	2023-01-17 10:24:58,538	6464	sprede.stepdefinitions.BaseSteps	[main]	Login sprede using valid user name and password:FAILED
INFO	2023-01-18 08:14:32,753	0	TestActivity	[main]	Starting Test Session...
INFO	2023-01-18 08:14:32,755	2	TestActivity	[main]	Initializing Test Data...
INFO	2023-01-18 08:14:35,380	2627	io.github.bonigarcia.wdm.WebDriverManager	[main]	Using msedgedriver 109.0.1518.55 (resolved driver for Edge 109)
INFO	2023-01-18 08:14:35,412	2659	io.github.bonigarcia.wdm.WebDriverManager	[main]	Reading https://msedgedriver.azureedge.net/?restype=container&comp=list to seek msedgedriver
INFO	2023-01-18 08:14:36,565	3812	io.github.bonigarcia.wdm.online.Downloader	[main]	Downloading https://msedgedriver.azureedge.net/109.0.1518.55/edgedriver_win64.zip
INFO	2023-01-18 08:14:37,861	5108	io.github.bonigarcia.wdm.online.Downloader	[main]	Extracting driver from compressed file edgedriver_win64.zip
INFO	2023-01-18 08:14:38,402	5649	io.github.bonigarcia.wdm.WebDriverManager	[main]	Exporting webdriver.edge.driver as C:\Users\sethi\.cache\selenium\msedgedriver\win64\109.0.1518.55\msedgedriver.exe
INFO	2023-01-18 08:14:46,514	13761	sprede.stepdefinitions.BaseSteps	[main]	Login sprede using valid user name and password:FAILED
INFO	2023-01-18 08:16:25,050	0	TestActivity	[main]	Starting Test Session...
INFO	2023-01-18 08:16:25,051	1	TestActivity	[main]	Initializing Test Data...
INFO	2023-01-18 08:16:25,809	759	io.github.bonigarcia.wdm.WebDriverManager	[main]	Using msedgedriver 109.0.1518.55 (resolved driver for Edge 109)
INFO	2023-01-18 08:16:25,852	802	io.github.bonigarcia.wdm.WebDriverManager	[main]	Exporting webdriver.edge.driver as C:\Users\sethi\.cache\selenium\msedgedriver\win64\109.0.1518.55\msedgedriver.exe
INFO	2023-01-18 08:16:32,506	7456	sprede.stepdefinitions.BaseSteps	[main]	Login sprede using valid user name and password:FAILED
INFO	2023-01-18 08:19:55,328	0	TestActivity	[main]	Starting Test Session...
INFO	2023-01-18 08:19:55,329	1	TestActivity	[main]	Initializing Test Data...
INFO	2023-01-18 08:19:56,058	730	io.github.bonigarcia.wdm.WebDriverManager	[main]	Using msedgedriver 109.0.1518.55 (resolved driver for Edge 109)
INFO	2023-01-18 08:19:56,097	769	io.github.bonigarcia.wdm.WebDriverManager	[main]	Exporting webdriver.edge.driver as C:\Users\sethi\.cache\selenium\msedgedriver\win64\109.0.1518.55\msedgedriver.exe
INFO	2023-01-18 08:20:02,691	7363	sprede.stepdefinitions.BaseSteps	[main]	Login sprede using valid user name and password:FAILED
INFO	2023-01-18 08:50:48,496	0	TestActivity	[main]	Starting Test Session...
INFO	2023-01-18 08:50:48,496	0	TestActivity	[main]	Initializing Test Data...
INFO	2023-01-18 08:50:49,212	716	io.github.bonigarcia.wdm.WebDriverManager	[main]	Using msedgedriver 109.0.1518.55 (resolved driver for Edge 109)
INFO	2023-01-18 08:50:49,266	770	io.github.bonigarcia.wdm.WebDriverManager	[main]	Exporting webdriver.edge.driver as C:\Users\sethi\.cache\selenium\msedgedriver\win64\109.0.1518.55\msedgedriver.exe
INFO	2023-01-18 08:50:55,645	7149	sprede.stepdefinitions.BaseSteps	[main]	Login sprede using valid user name and password:FAILED
INFO	2023-01-18 09:31:54,018	0	TestActivity	[main]	Starting Test Session...
INFO	2023-01-18 09:31:54,020	2	TestActivity	[main]	Initializing Test Data...
INFO	2023-01-18 09:31:55,845	1827	io.github.bonigarcia.wdm.WebDriverManager	[main]	Using msedgedriver 109.0.1518.55 (resolved driver for Edge 109)
INFO	2023-01-18 09:31:55,868	1850	io.github.bonigarcia.wdm.WebDriverManager	[main]	Exporting webdriver.edge.driver as C:\Users\sethi\.cache\selenium\msedgedriver\win64\109.0.1518.55\msedgedriver.exe
INFO	2023-01-18 09:32:01,352	7334	sprede.stepdefinitions.BaseSteps	[main]	Login sprede using valid user name and password is started
INFO	2023-01-18 09:32:08,464	14446	sprede.stepdefinitions.BaseSteps	[main]	Login sprede using valid user name and password:PASSED
INFO	2023-01-18 09:38:24,775	1	TestActivity	[main]	Starting Test Session...
INFO	2023-01-18 09:38:24,776	2	TestActivity	[main]	Initializing Test Data...
INFO	2023-01-18 09:38:25,549	775	io.github.bonigarcia.wdm.WebDriverManager	[main]	Using msedgedriver 109.0.1518.55 (resolved driver for Edge 109)
INFO	2023-01-18 09:38:25,603	829	io.github.bonigarcia.wdm.WebDriverManager	[main]	Exporting webdriver.edge.driver as C:\Users\sethi\.cache\selenium\msedgedriver\win64\109.0.1518.55\msedgedriver.exe
INFO	2023-01-18 09:38:32,858	8084	sprede.stepdefinitions.BaseSteps	[main]	Login sprede using valid user name and password is started
INFO	2023-01-18 09:38:38,481	13707	sprede.stepdefinitions.BaseSteps	[main]	Login sprede using valid user name and password:PASSED
INFO	2023-01-18 10:07:41,015	0	TestActivity	[main]	Starting Test Session...
INFO	2023-01-18 10:07:41,016	1	TestActivity	[main]	Initializing Test Data...
INFO	2023-01-18 10:07:41,612	597	io.github.bonigarcia.wdm.WebDriverManager	[main]	Using msedgedriver 109.0.1518.55 (resolved driver for Edge 109)
INFO	2023-01-18 10:07:41,654	639	io.github.bonigarcia.wdm.WebDriverManager	[main]	Exporting webdriver.edge.driver as C:\Users\sethi\.cache\selenium\msedgedriver\win64\109.0.1518.55\msedgedriver.exe
INFO	2023-01-18 10:07:46,963	5948	sprede.stepdefinitions.BaseSteps	[main]	Creating an target for the user is started
INFO	2023-01-18 10:08:04,458	23443	sprede.stepdefinitions.BaseSteps	[main]	Creating an target for the user:FAILED
INFO	2023-01-18 10:10:12,561	0	TestActivity	[main]	Starting Test Session...
INFO	2023-01-18 10:10:12,562	1	TestActivity	[main]	Initializing Test Data...
INFO	2023-01-18 10:10:13,711	1150	io.github.bonigarcia.wdm.WebDriverManager	[main]	Using msedgedriver 109.0.1518.55 (resolved driver for Edge 109)
INFO	2023-01-18 10:10:13,775	1214	io.github.bonigarcia.wdm.WebDriverManager	[main]	Exporting webdriver.edge.driver as C:\Users\sethi\.cache\selenium\msedgedriver\win64\109.0.1518.55\msedgedriver.exe
INFO	2023-01-18 10:10:20,540	7979	sprede.stepdefinitions.BaseSteps	[main]	Creating an target for the user is started
INFO	2023-01-18 10:10:38,351	25790	sprede.stepdefinitions.BaseSteps	[main]	Creating an target for the user:FAILED
INFO	2023-01-18 10:17:46,753	0	TestActivity	[main]	Starting Test Session...
INFO	2023-01-18 10:17:46,754	1	TestActivity	[main]	Initializing Test Data...
INFO	2023-01-18 10:17:47,317	564	io.github.bonigarcia.wdm.WebDriverManager	[main]	Using msedgedriver 109.0.1518.55 (resolved driver for Edge 109)
INFO	2023-01-18 10:17:47,353	600	io.github.bonigarcia.wdm.WebDriverManager	[main]	Exporting webdriver.edge.driver as C:\Users\sethi\.cache\selenium\msedgedriver\win64\109.0.1518.55\msedgedriver.exe
INFO	2023-01-18 10:17:52,764	6011	sprede.stepdefinitions.BaseSteps	[main]	Creating an target for the user is started
INFO	2023-01-18 10:18:11,090	24337	sprede.stepdefinitions.BaseSteps	[main]	Creating an target for the user:FAILED
INFO	2023-01-18 10:33:21,604	0	TestActivity	[main]	Starting Test Session...
INFO	2023-01-18 10:33:21,605	1	TestActivity	[main]	Initializing Test Data...
INFO	2023-01-18 10:33:23,885	2281	io.github.bonigarcia.wdm.WebDriverManager	[main]	Using msedgedriver 109.0.1518.55 (resolved driver for Edge 109)
INFO	2023-01-18 10:33:23,908	2304	io.github.bonigarcia.wdm.WebDriverManager	[main]	Exporting webdriver.edge.driver as C:\Users\sethi\.cache\selenium\msedgedriver\win64\109.0.1518.55\msedgedriver.exe
INFO	2023-01-18 10:33:29,562	7958	sprede.stepdefinitions.BaseSteps	[main]	Creating an target for the user is started
INFO	2023-01-18 10:33:48,310	26706	sprede.stepdefinitions.BaseSteps	[main]	Creating an target for the user:FAILED
INFO	2023-01-18 10:37:48,106	0	TestActivity	[main]	Starting Test Session...
INFO	2023-01-18 10:37:48,107	1	TestActivity	[main]	Initializing Test Data...
INFO	2023-01-18 10:37:48,707	601	io.github.bonigarcia.wdm.WebDriverManager	[main]	Using msedgedriver 109.0.1518.55 (resolved driver for Edge 109)
INFO	2023-01-18 10:37:48,740	634	io.github.bonigarcia.wdm.WebDriverManager	[main]	Exporting webdriver.edge.driver as C:\Users\sethi\.cache\selenium\msedgedriver\win64\109.0.1518.55\msedgedriver.exe
INFO	2023-01-18 10:37:54,055	5949	sprede.stepdefinitions.BaseSteps	[main]	Creating an target for the user is started
INFO	2023-01-18 10:38:12,324	24218	sprede.stepdefinitions.BaseSteps	[main]	Creating an target for the user:FAILED
INFO	2023-01-18 10:57:50,912	0	TestActivity	[main]	Starting Test Session...
INFO	2023-01-18 10:57:50,913	1	TestActivity	[main]	Initializing Test Data...
INFO	2023-01-18 10:57:51,716	804	io.github.bonigarcia.wdm.WebDriverManager	[main]	Using msedgedriver 109.0.1518.55 (resolved driver for Edge 109)
INFO	2023-01-18 10:57:51,769	857	io.github.bonigarcia.wdm.WebDriverManager	[main]	Exporting webdriver.edge.driver as C:\Users\sethi\.cache\selenium\msedgedriver\win64\109.0.1518.55\msedgedriver.exe
INFO	2023-01-18 10:57:58,273	7361	sprede.stepdefinitions.BaseSteps	[main]	Creating an target for the user is started
INFO	2023-01-18 10:58:07,034	16122	sprede.stepdefinitions.BaseSteps	[main]	Creating an target for the user:FAILED
INFO	2023-01-18 10:59:54,065	0	TestActivity	[main]	Starting Test Session...
INFO	2023-01-18 10:59:54,066	1	TestActivity	[main]	Initializing Test Data...
INFO	2023-01-18 10:59:55,336	1271	io.github.bonigarcia.wdm.WebDriverManager	[main]	Using msedgedriver 109.0.1518.55 (resolved driver for Edge 109)
INFO	2023-01-18 10:59:55,433	1368	io.github.bonigarcia.wdm.WebDriverManager	[main]	Exporting webdriver.edge.driver as C:\Users\sethi\.cache\selenium\msedgedriver\win64\109.0.1518.55\msedgedriver.exe
INFO	2023-01-18 11:00:02,463	8398	sprede.stepdefinitions.BaseSteps	[main]	Creating an target for the user is started
INFO	2023-01-18 11:00:11,558	17493	sprede.stepdefinitions.BaseSteps	[main]	Creating an target for the user:FAILED
INFO	2023-01-18 11:02:47,232	0	TestActivity	[main]	Starting Test Session...
INFO	2023-01-18 11:02:47,235	3	TestActivity	[main]	Initializing Test Data...
INFO	2023-01-18 11:02:48,024	792	io.github.bonigarcia.wdm.WebDriverManager	[main]	Using msedgedriver 109.0.1518.55 (resolved driver for Edge 109)
INFO	2023-01-18 11:02:48,064	832	io.github.bonigarcia.wdm.WebDriverManager	[main]	Exporting webdriver.edge.driver as C:\Users\sethi\.cache\selenium\msedgedriver\win64\109.0.1518.55\msedgedriver.exe
INFO	2023-01-18 11:02:54,392	7160	sprede.stepdefinitions.BaseSteps	[main]	Creating an target for the user is started
INFO	2023-01-18 11:03:03,408	16176	sprede.stepdefinitions.BaseSteps	[main]	Creating an target for the user:FAILED
INFO	2023-01-18 11:05:50,505	0	TestActivity	[main]	Starting Test Session...
INFO	2023-01-18 11:05:50,506	1	TestActivity	[main]	Initializing Test Data...
INFO	2023-01-18 11:05:51,100	595	io.github.bonigarcia.wdm.WebDriverManager	[main]	Using msedgedriver 109.0.1518.55 (resolved driver for Edge 109)
INFO	2023-01-18 11:05:51,142	637	io.github.bonigarcia.wdm.WebDriverManager	[main]	Exporting webdriver.edge.driver as C:\Users\sethi\.cache\selenium\msedgedriver\win64\109.0.1518.55\msedgedriver.exe
INFO	2023-01-18 11:05:56,918	6413	sprede.stepdefinitions.BaseSteps	[main]	Creating an target for the user is started
INFO	2023-01-18 11:06:17,262	26757	sprede.stepdefinitions.BaseSteps	[main]	Creating an target for the user:FAILED
INFO	2023-01-18 11:09:45,569	0	TestActivity	[main]	Starting Test Session...
INFO	2023-01-18 11:09:45,570	1	TestActivity	[main]	Initializing Test Data...
INFO	2023-01-18 11:09:46,381	812	io.github.bonigarcia.wdm.WebDriverManager	[main]	Using msedgedriver 109.0.1518.55 (resolved driver for Edge 109)
INFO	2023-01-18 11:09:46,427	858	io.github.bonigarcia.wdm.WebDriverManager	[main]	Exporting webdriver.edge.driver as C:\Users\sethi\.cache\selenium\msedgedriver\win64\109.0.1518.55\msedgedriver.exe
INFO	2023-01-18 11:09:52,362	6793	sprede.stepdefinitions.BaseSteps	[main]	Creating an target for the user is started
INFO	2023-01-18 11:10:01,554	15985	sprede.stepdefinitions.BaseSteps	[main]	Creating an target for the user:FAILED
INFO	2023-01-18 11:13:25,310	0	TestActivity	[main]	Starting Test Session...
INFO	2023-01-18 11:13:25,311	1	TestActivity	[main]	Initializing Test Data...
INFO	2023-01-18 11:13:25,964	654	io.github.bonigarcia.wdm.WebDriverManager	[main]	Using msedgedriver 109.0.1518.55 (resolved driver for Edge 109)
INFO	2023-01-18 11:13:26,006	696	io.github.bonigarcia.wdm.WebDriverManager	[main]	Exporting webdriver.edge.driver as C:\Users\sethi\.cache\selenium\msedgedriver\win64\109.0.1518.55\msedgedriver.exe
INFO	2023-01-18 11:13:31,889	6579	sprede.stepdefinitions.BaseSteps	[main]	Creating an target for the user is started
INFO	2023-01-18 11:13:51,072	25762	sprede.stepdefinitions.BaseSteps	[main]	Creating an target for the user:FAILED
INFO	2023-01-18 11:15:44,530	0	TestActivity	[main]	Starting Test Session...
INFO	2023-01-18 11:15:44,530	0	TestActivity	[main]	Initializing Test Data...
INFO	2023-01-18 11:15:45,201	671	io.github.bonigarcia.wdm.WebDriverManager	[main]	Using msedgedriver 109.0.1518.55 (resolved driver for Edge 109)
INFO	2023-01-18 11:15:45,247	717	io.github.bonigarcia.wdm.WebDriverManager	[main]	Exporting webdriver.edge.driver as C:\Users\sethi\.cache\selenium\msedgedriver\win64\109.0.1518.55\msedgedriver.exe
INFO	2023-01-18 11:15:51,132	6602	sprede.stepdefinitions.BaseSteps	[main]	Creating an target for the user is started
INFO	2023-01-18 11:16:10,696	26166	sprede.stepdefinitions.BaseSteps	[main]	Creating an target for the user:FAILED
INFO	2023-01-18 11:17:51,194	0	TestActivity	[main]	Starting Test Session...
INFO	2023-01-18 11:17:51,195	1	TestActivity	[main]	Initializing Test Data...
INFO	2023-01-18 11:17:51,855	661	io.github.bonigarcia.wdm.WebDriverManager	[main]	Using msedgedriver 109.0.1518.55 (resolved driver for Edge 109)
INFO	2023-01-18 11:17:51,897	703	io.github.bonigarcia.wdm.WebDriverManager	[main]	Exporting webdriver.edge.driver as C:\Users\sethi\.cache\selenium\msedgedriver\win64\109.0.1518.55\msedgedriver.exe
INFO	2023-01-18 11:17:57,673	6479	sprede.stepdefinitions.BaseSteps	[main]	Creating an target for the user is started
INFO	2023-01-18 11:18:17,618	26424	sprede.stepdefinitions.BaseSteps	[main]	Creating an target for the user:FAILED
INFO	2023-01-18 11:26:01,405	0	TestActivity	[main]	Starting Test Session...
INFO	2023-01-18 11:26:01,405	0	TestActivity	[main]	Initializing Test Data...
INFO	2023-01-18 11:26:02,014	609	io.github.bonigarcia.wdm.WebDriverManager	[main]	Using msedgedriver 109.0.1518.55 (resolved driver for Edge 109)
INFO	2023-01-18 11:26:02,050	645	io.github.bonigarcia.wdm.WebDriverManager	[main]	Exporting webdriver.edge.driver as C:\Users\sethi\.cache\selenium\msedgedriver\win64\109.0.1518.55\msedgedriver.exe
INFO	2023-01-18 11:26:07,640	6235	sprede.stepdefinitions.BaseSteps	[main]	Creating an target for the user is started
INFO	2023-01-18 11:26:37,260	35855	sprede.stepdefinitions.BaseSteps	[main]	Creating an target for the user:FAILED
INFO	2023-01-18 11:28:36,602	0	TestActivity	[main]	Starting Test Session...
INFO	2023-01-18 11:28:36,603	1	TestActivity	[main]	Initializing Test Data...
INFO	2023-01-18 11:28:37,177	575	io.github.bonigarcia.wdm.WebDriverManager	[main]	Using msedgedriver 109.0.1518.55 (resolved driver for Edge 109)
INFO	2023-01-18 11:28:37,210	608	io.github.bonigarcia.wdm.WebDriverManager	[main]	Exporting webdriver.edge.driver as C:\Users\sethi\.cache\selenium\msedgedriver\win64\109.0.1518.55\msedgedriver.exe
INFO	2023-01-18 11:28:42,915	6313	sprede.stepdefinitions.BaseSteps	[main]	Creating an target for the user is started
INFO	2023-01-18 11:29:11,279	34677	sprede.stepdefinitions.BaseSteps	[main]	Creating an target for the user:FAILED
INFO	2023-01-18 12:52:44,701	0	TestActivity	[main]	Starting Test Session...
INFO	2023-01-18 12:52:44,702	1	TestActivity	[main]	Initializing Test Data...
INFO	2023-01-18 12:52:46,836	2135	io.github.bonigarcia.wdm.WebDriverManager	[main]	Using msedgedriver 109.0.1518.55 (resolved driver for Edge 109)
INFO	2023-01-18 12:52:46,860	2159	io.github.bonigarcia.wdm.WebDriverManager	[main]	Exporting webdriver.edge.driver as C:\Users\sethi\.cache\selenium\msedgedriver\win64\109.0.1518.55\msedgedriver.exe
INFO	2023-01-18 12:52:52,093	7392	sprede.stepdefinitions.BaseSteps	[main]	Creating an target for the user is started
INFO	2023-01-18 12:53:00,413	15712	sprede.stepdefinitions.BaseSteps	[main]	Creating an target for the user:FAILED
INFO	2023-01-18 13:00:46,750	0	TestActivity	[main]	Starting Test Session...
INFO	2023-01-18 13:00:46,751	1	TestActivity	[main]	Initializing Test Data...
INFO	2023-01-18 13:00:47,330	580	io.github.bonigarcia.wdm.WebDriverManager	[main]	Using msedgedriver 109.0.1518.55 (resolved driver for Edge 109)
INFO	2023-01-18 13:00:47,366	616	io.github.bonigarcia.wdm.WebDriverManager	[main]	Exporting webdriver.edge.driver as C:\Users\sethi\.cache\selenium\msedgedriver\win64\109.0.1518.55\msedgedriver.exe
INFO	2023-01-18 13:00:53,013	6263	sprede.stepdefinitions.BaseSteps	[main]	Creating an target for the user is started
INFO	2023-01-18 13:01:20,984	34234	sprede.stepdefinitions.BaseSteps	[main]	Creating an target for the user:FAILED
INFO	2023-01-18 15:27:22,095	1	TestActivity	[main]	Starting Test Session...
INFO	2023-01-18 15:27:22,095	1	TestActivity	[main]	Initializing Test Data...
INFO	2023-01-18 15:27:23,984	1890	io.github.bonigarcia.wdm.WebDriverManager	[main]	Using msedgedriver 109.0.1518.55 (resolved driver for Edge 109)
INFO	2023-01-18 15:27:24,008	1914	io.github.bonigarcia.wdm.WebDriverManager	[main]	Exporting webdriver.edge.driver as C:\Users\sethi\.cache\selenium\msedgedriver\win64\109.0.1518.55\msedgedriver.exe
INFO	2023-01-18 15:27:30,017	7923	sprede.stepdefinitions.BaseSteps	[main]	Creating an target for the user is started
INFO	2023-01-18 15:27:59,117	37023	sprede.stepdefinitions.BaseSteps	[main]	Creating an target for the user:FAILED
INFO	2023-01-18 19:23:52,745	1	TestActivity	[main]	Starting Test Session...
INFO	2023-01-18 19:23:52,746	2	TestActivity	[main]	Initializing Test Data...
INFO	2023-01-18 19:23:54,276	1532	io.github.bonigarcia.wdm.WebDriverManager	[main]	Using msedgedriver 109.0.1518.55 (resolved driver for Edge 109)
INFO	2023-01-18 19:23:54,313	1569	io.github.bonigarcia.wdm.WebDriverManager	[main]	Exporting webdriver.edge.driver as C:\Users\sethi\.cache\selenium\msedgedriver\win64\109.0.1518.55\msedgedriver.exe
INFO	2023-01-18 19:24:01,527	8783	sprede.stepdefinitions.BaseSteps	[main]	Creating an target for the user is started
INFO	2023-01-18 19:24:31,106	38362	sprede.stepdefinitions.BaseSteps	[main]	Creating an target for the user:FAILED
INFO	2023-01-18 19:29:17,938	0	TestActivity	[main]	Starting Test Session...
INFO	2023-01-18 19:29:17,939	1	TestActivity	[main]	Initializing Test Data...
INFO	2023-01-18 19:29:18,606	668	io.github.bonigarcia.wdm.WebDriverManager	[main]	Using msedgedriver 109.0.1518.55 (resolved driver for Edge 109)
INFO	2023-01-18 19:29:18,648	710	io.github.bonigarcia.wdm.WebDriverManager	[main]	Exporting webdriver.edge.driver as C:\Users\sethi\.cache\selenium\msedgedriver\win64\109.0.1518.55\msedgedriver.exe
INFO	2023-01-18 19:29:24,282	6344	sprede.stepdefinitions.BaseSteps	[main]	Creating an target for the user is started
INFO	2023-01-18 19:29:52,828	34890	sprede.stepdefinitions.BaseSteps	[main]	Creating an target for the user:FAILED
INFO	2023-01-18 19:32:03,575	0	TestActivity	[main]	Starting Test Session...
INFO	2023-01-18 19:32:03,575	0	TestActivity	[main]	Initializing Test Data...
INFO	2023-01-18 19:32:04,115	540	io.github.bonigarcia.wdm.WebDriverManager	[main]	Using msedgedriver 109.0.1518.55 (resolved driver for Edge 109)
INFO	2023-01-18 19:32:04,150	575	io.github.bonigarcia.wdm.WebDriverManager	[main]	Exporting webdriver.edge.driver as C:\Users\sethi\.cache\selenium\msedgedriver\win64\109.0.1518.55\msedgedriver.exe
INFO	2023-01-18 19:32:11,158	7583	sprede.stepdefinitions.BaseSteps	[main]	Creating an target for the user is started
INFO	2023-01-18 19:32:20,188	16613	sprede.stepdefinitions.BaseSteps	[main]	Creating an target for the user:FAILED
INFO	2023-01-18 19:35:49,697	0	TestActivity	[main]	Starting Test Session...
INFO	2023-01-18 19:35:49,697	0	TestActivity	[main]	Initializing Test Data...
INFO	2023-01-18 19:35:50,270	573	io.github.bonigarcia.wdm.WebDriverManager	[main]	Using msedgedriver 109.0.1518.55 (resolved driver for Edge 109)
INFO	2023-01-18 19:35:50,310	613	io.github.bonigarcia.wdm.WebDriverManager	[main]	Exporting webdriver.edge.driver as C:\Users\sethi\.cache\selenium\msedgedriver\win64\109.0.1518.55\msedgedriver.exe
INFO	2023-01-18 19:35:57,029	7332	sprede.stepdefinitions.BaseSteps	[main]	Creating an target for the user is started
INFO	2023-01-18 19:36:05,065	15368	sprede.stepdefinitions.BaseSteps	[main]	Creating an target for the user:FAILED
INFO	2023-01-18 19:36:52,086	0	TestActivity	[main]	Starting Test Session...
INFO	2023-01-18 19:36:52,087	1	TestActivity	[main]	Initializing Test Data...
INFO	2023-01-18 19:36:52,827	741	io.github.bonigarcia.wdm.WebDriverManager	[main]	Using msedgedriver 109.0.1518.55 (resolved driver for Edge 109)
INFO	2023-01-18 19:36:52,974	888	io.github.bonigarcia.wdm.WebDriverManager	[main]	Exporting webdriver.edge.driver as C:\Users\sethi\.cache\selenium\msedgedriver\win64\109.0.1518.55\msedgedriver.exe
INFO	2023-01-18 19:37:01,530	9444	sprede.stepdefinitions.BaseSteps	[main]	Creating an target for the user is started
INFO	2023-01-18 19:37:10,506	18420	sprede.stepdefinitions.BaseSteps	[main]	Creating an target for the user:FAILED
INFO	2023-01-18 19:42:16,577	0	TestActivity	[main]	Starting Test Session...
INFO	2023-01-18 19:42:16,578	1	TestActivity	[main]	Initializing Test Data...
INFO	2023-01-18 19:42:17,170	593	io.github.bonigarcia.wdm.WebDriverManager	[main]	Using msedgedriver 109.0.1518.55 (resolved driver for Edge 109)
INFO	2023-01-18 19:42:17,212	635	io.github.bonigarcia.wdm.WebDriverManager	[main]	Exporting webdriver.edge.driver as C:\Users\sethi\.cache\selenium\msedgedriver\win64\109.0.1518.55\msedgedriver.exe
INFO	2023-01-18 19:42:24,046	7469	sprede.stepdefinitions.BaseSteps	[main]	Creating an target for the user is started
INFO	2023-01-18 19:42:32,128	15551	sprede.stepdefinitions.BaseSteps	[main]	Creating an target for the user:FAILED
INFO	2023-01-18 19:43:06,914	0	TestActivity	[main]	Starting Test Session...
INFO	2023-01-18 19:43:06,915	1	TestActivity	[main]	Initializing Test Data...
INFO	2023-01-18 19:43:07,622	708	io.github.bonigarcia.wdm.WebDriverManager	[main]	Using msedgedriver 109.0.1518.55 (resolved driver for Edge 109)
INFO	2023-01-18 19:43:07,688	774	io.github.bonigarcia.wdm.WebDriverManager	[main]	Exporting webdriver.edge.driver as C:\Users\sethi\.cache\selenium\msedgedriver\win64\109.0.1518.55\msedgedriver.exe
INFO	2023-01-18 19:43:16,056	9142	sprede.stepdefinitions.BaseSteps	[main]	Creating an target for the user is started
INFO	2023-01-18 19:43:24,762	17848	sprede.stepdefinitions.BaseSteps	[main]	Creating an target for the user:FAILED
INFO	2023-01-18 19:51:48,982	0	TestActivity	[main]	Starting Test Session...
INFO	2023-01-18 19:51:48,983	1	TestActivity	[main]	Initializing Test Data...
INFO	2023-01-18 19:51:49,572	590	io.github.bonigarcia.wdm.WebDriverManager	[main]	Using msedgedriver 109.0.1518.55 (resolved driver for Edge 109)
INFO	2023-01-18 19:51:49,608	626	io.github.bonigarcia.wdm.WebDriverManager	[main]	Exporting webdriver.edge.driver as C:\Users\sethi\.cache\selenium\msedgedriver\win64\109.0.1518.55\msedgedriver.exe
INFO	2023-01-18 19:51:56,463	7481	sprede.stepdefinitions.BaseSteps	[main]	Creating an target for the user is started
INFO	2023-01-18 19:52:05,855	16873	sprede.stepdefinitions.BaseSteps	[main]	Creating an target for the user:PASSED
INFO	2023-01-18 20:09:09,096	0	TestActivity	[main]	Starting Test Session...
INFO	2023-01-18 20:09:09,097	1	TestActivity	[main]	Initializing Test Data...
INFO	2023-01-18 20:09:09,736	640	io.github.bonigarcia.wdm.WebDriverManager	[main]	Using msedgedriver 109.0.1518.55 (resolved driver for Edge 109)
INFO	2023-01-18 20:09:09,778	682	io.github.bonigarcia.wdm.WebDriverManager	[main]	Exporting webdriver.edge.driver as C:\Users\sethi\.cache\selenium\msedgedriver\win64\109.0.1518.55\msedgedriver.exe
INFO	2023-01-18 20:09:16,711	7615	sprede.stepdefinitions.BaseSteps	[main]	Creating an target for the user is started
INFO	2023-01-18 20:09:29,223	20127	sprede.stepdefinitions.BaseSteps	[main]	Creating an target for the user:PASSED
INFO	2023-01-18 20:16:13,377	0	TestActivity	[main]	Starting Test Session...
INFO	2023-01-18 20:16:13,378	1	TestActivity	[main]	Initializing Test Data...
INFO	2023-01-18 20:16:13,983	606	io.github.bonigarcia.wdm.WebDriverManager	[main]	Using msedgedriver 109.0.1518.55 (resolved driver for Edge 109)
INFO	2023-01-18 20:16:14,022	645	io.github.bonigarcia.wdm.WebDriverManager	[main]	Exporting webdriver.edge.driver as C:\Users\sethi\.cache\selenium\msedgedriver\win64\109.0.1518.55\msedgedriver.exe
INFO	2023-01-18 20:16:20,899	7522	sprede.stepdefinitions.BaseSteps	[main]	Creating an target for the user is started
INFO	2023-01-18 20:16:33,595	20218	sprede.stepdefinitions.BaseSteps	[main]	Creating an target for the user:FAILED
INFO	2023-01-18 20:18:34,274	0	TestActivity	[main]	Starting Test Session...
INFO	2023-01-18 20:18:34,275	1	TestActivity	[main]	Initializing Test Data...
INFO	2023-01-18 20:18:34,846	572	io.github.bonigarcia.wdm.WebDriverManager	[main]	Using msedgedriver 109.0.1518.55 (resolved driver for Edge 109)
INFO	2023-01-18 20:18:34,882	608	io.github.bonigarcia.wdm.WebDriverManager	[main]	Exporting webdriver.edge.driver as C:\Users\sethi\.cache\selenium\msedgedriver\win64\109.0.1518.55\msedgedriver.exe
INFO	2023-01-18 20:18:41,701	7427	sprede.stepdefinitions.BaseSteps	[main]	Creating an target for the user is started
INFO	2023-01-18 20:18:57,611	23337	sprede.stepdefinitions.BaseSteps	[main]	Creating an target for the user:PASSED
INFO	2023-01-18 20:24:17,858	0	TestActivity	[main]	Starting Test Session...
INFO	2023-01-18 20:24:17,859	1	TestActivity	[main]	Initializing Test Data...
INFO	2023-01-18 20:24:19,360	1502	io.github.bonigarcia.wdm.WebDriverManager	[main]	Using msedgedriver 109.0.1518.55 (resolved driver for Edge 109)
INFO	2023-01-18 20:24:19,384	1526	io.github.bonigarcia.wdm.WebDriverManager	[main]	Exporting webdriver.edge.driver as C:\Users\sethi\.cache\selenium\msedgedriver\win64\109.0.1518.55\msedgedriver.exe
INFO	2023-01-18 20:24:26,286	8428	sprede.stepdefinitions.BaseSteps	[main]	Creating an target for the user is started
INFO	2023-01-18 20:24:38,745	20887	sprede.stepdefinitions.BaseSteps	[main]	Creating an target for the user:PASSED
INFO	2023-01-18 20:26:22,242	0	TestActivity	[main]	Starting Test Session...
INFO	2023-01-18 20:26:22,242	0	TestActivity	[main]	Initializing Test Data...
INFO	2023-01-18 20:26:22,837	595	io.github.bonigarcia.wdm.WebDriverManager	[main]	Using msedgedriver 109.0.1518.55 (resolved driver for Edge 109)
INFO	2023-01-18 20:26:22,881	639	io.github.bonigarcia.wdm.WebDriverManager	[main]	Exporting webdriver.edge.driver as C:\Users\sethi\.cache\selenium\msedgedriver\win64\109.0.1518.55\msedgedriver.exe
INFO	2023-01-18 20:26:29,925	7683	sprede.stepdefinitions.BaseSteps	[main]	Creating an target for the user is started
INFO	2023-01-18 20:26:43,545	21303	sprede.stepdefinitions.BaseSteps	[main]	Creating an target for the user:PASSED
INFO	2023-01-18 20:27:37,308	0	TestActivity	[main]	Starting Test Session...
INFO	2023-01-18 20:27:37,309	1	TestActivity	[main]	Initializing Test Data...
INFO	2023-01-18 20:27:37,893	585	io.github.bonigarcia.wdm.WebDriverManager	[main]	Using msedgedriver 109.0.1518.55 (resolved driver for Edge 109)
INFO	2023-01-18 20:27:37,935	627	io.github.bonigarcia.wdm.WebDriverManager	[main]	Exporting webdriver.edge.driver as C:\Users\sethi\.cache\selenium\msedgedriver\win64\109.0.1518.55\msedgedriver.exe
INFO	2023-01-18 20:27:44,612	7304	sprede.stepdefinitions.BaseSteps	[main]	Creating an target for the user is started
INFO	2023-01-18 20:27:57,416	20108	sprede.stepdefinitions.BaseSteps	[main]	Creating an target for the user:PASSED
INFO	2023-01-18 22:06:45,783	0	TestActivity	[main]	Starting Test Session...
INFO	2023-01-18 22:06:45,783	0	TestActivity	[main]	Initializing Test Data...
INFO	2023-01-18 22:06:47,505	1722	io.github.bonigarcia.wdm.WebDriverManager	[main]	Using msedgedriver 109.0.1518.55 (resolved driver for Edge 109)
INFO	2023-01-18 22:06:47,529	1746	io.github.bonigarcia.wdm.WebDriverManager	[main]	Exporting webdriver.edge.driver as C:\Users\sethi\.cache\selenium\msedgedriver\win64\109.0.1518.55\msedgedriver.exe
INFO	2023-01-18 22:06:55,403	9620	sprede.stepdefinitions.BaseSteps	[main]	Creating an target for the user is started
INFO	2023-01-18 22:07:10,057	24274	sprede.stepdefinitions.BaseSteps	[main]	Creating an target for the user:PASSED
INFO	2023-01-18 22:11:56,902	0	TestActivity	[main]	Starting Test Session...
INFO	2023-01-18 22:11:56,904	2	TestActivity	[main]	Initializing Test Data...
INFO	2023-01-18 22:11:57,551	649	io.github.bonigarcia.wdm.WebDriverManager	[main]	Using msedgedriver 109.0.1518.55 (resolved driver for Edge 109)
INFO	2023-01-18 22:11:57,587	685	io.github.bonigarcia.wdm.WebDriverManager	[main]	Exporting webdriver.edge.driver as C:\Users\sethi\.cache\selenium\msedgedriver\win64\109.0.1518.55\msedgedriver.exe
INFO	2023-01-18 22:12:04,481	7579	sprede.stepdefinitions.BaseSteps	[main]	Creating an target for the user is started
INFO	2023-01-18 22:12:18,218	21316	sprede.stepdefinitions.BaseSteps	[main]	Creating an target for the user:PASSED
INFO	2023-01-18 22:15:06,265	0	TestActivity	[main]	Starting Test Session...
INFO	2023-01-18 22:15:06,266	1	TestActivity	[main]	Initializing Test Data...
INFO	2023-01-18 22:15:06,905	640	io.github.bonigarcia.wdm.WebDriverManager	[main]	Using msedgedriver 109.0.1518.55 (resolved driver for Edge 109)
INFO	2023-01-18 22:15:06,945	680	io.github.bonigarcia.wdm.WebDriverManager	[main]	Exporting webdriver.edge.driver as C:\Users\sethi\.cache\selenium\msedgedriver\win64\109.0.1518.55\msedgedriver.exe
INFO	2023-01-18 22:15:13,552	7287	sprede.stepdefinitions.BaseSteps	[main]	Creating an target for the user is started
INFO	2023-01-18 22:15:28,223	21958	sprede.stepdefinitions.BaseSteps	[main]	Creating an target for the user:PASSED
INFO	2023-01-18 22:17:41,407	0	TestActivity	[main]	Starting Test Session...
INFO	2023-01-18 22:17:41,408	1	TestActivity	[main]	Initializing Test Data...
INFO	2023-01-18 22:17:42,013	606	io.github.bonigarcia.wdm.WebDriverManager	[main]	Using msedgedriver 109.0.1518.55 (resolved driver for Edge 109)
INFO	2023-01-18 22:17:42,052	645	io.github.bonigarcia.wdm.WebDriverManager	[main]	Exporting webdriver.edge.driver as C:\Users\sethi\.cache\selenium\msedgedriver\win64\109.0.1518.55\msedgedriver.exe
INFO	2023-01-18 22:17:48,642	7235	sprede.stepdefinitions.BaseSteps	[main]	Creating an target for the user is started
INFO	2023-01-18 22:18:02,163	20756	sprede.stepdefinitions.BaseSteps	[main]	Creating an target for the user:PASSED
INFO	2023-01-18 22:19:19,402	0	TestActivity	[main]	Starting Test Session...
INFO	2023-01-18 22:19:19,403	1	TestActivity	[main]	Initializing Test Data...
INFO	2023-01-18 22:19:19,995	593	io.github.bonigarcia.wdm.WebDriverManager	[main]	Using msedgedriver 109.0.1518.55 (resolved driver for Edge 109)
INFO	2023-01-18 22:19:20,035	633	io.github.bonigarcia.wdm.WebDriverManager	[main]	Exporting webdriver.edge.driver as C:\Users\sethi\.cache\selenium\msedgedriver\win64\109.0.1518.55\msedgedriver.exe
INFO	2023-01-18 22:19:26,750	7348	sprede.stepdefinitions.BaseSteps	[main]	Creating an target for the user is started
INFO	2023-01-18 22:19:40,415	21013	sprede.stepdefinitions.BaseSteps	[main]	Creating an target for the user:PASSED
INFO	2023-01-18 22:35:00,244	0	TestActivity	[main]	Starting Test Session...
INFO	2023-01-18 22:35:00,244	0	TestActivity	[main]	Initializing Test Data...
INFO	2023-01-18 22:35:00,906	662	io.github.bonigarcia.wdm.WebDriverManager	[main]	Using msedgedriver 109.0.1518.55 (resolved driver for Edge 109)
INFO	2023-01-18 22:35:00,950	706	io.github.bonigarcia.wdm.WebDriverManager	[main]	Exporting webdriver.edge.driver as C:\Users\sethi\.cache\selenium\msedgedriver\win64\109.0.1518.55\msedgedriver.exe
INFO	2023-01-18 22:35:08,734	8490	sprede.stepdefinitions.BaseSteps	[main]	Creating an target for the user is started
INFO	2023-01-18 22:35:24,126	23882	sprede.stepdefinitions.BaseSteps	[main]	Creating an target for the user:PASSED
INFO	2023-01-18 22:35:24,188	23944	TestActivity	[main]	Starting Test Session...
INFO	2023-01-18 22:35:24,188	23944	TestActivity	[main]	Initializing Test Data...
INFO	2023-01-18 22:35:24,350	24106	io.github.bonigarcia.wdm.WebDriverManager	[main]	Using msedgedriver 109.0.1518.55 (resolved driver for Edge 109)
INFO	2023-01-18 22:35:24,425	24181	io.github.bonigarcia.wdm.WebDriverManager	[main]	Exporting webdriver.edge.driver as C:\Users\sethi\.cache\selenium\msedgedriver\win64\109.0.1518.55\msedgedriver.exe
INFO	2023-01-18 22:35:31,471	31227	sprede.stepdefinitions.BaseSteps	[main]	Login sprede using valid user name and password is started
INFO	2023-01-18 22:35:36,994	36750	sprede.stepdefinitions.BaseSteps	[main]	Login sprede using valid user name and password:PASSED
INFO	2023-01-18 22:35:37,030	36786	TestActivity	[main]	Starting Test Session...
INFO	2023-01-18 22:35:37,030	36786	TestActivity	[main]	Initializing Test Data...
INFO	2023-01-18 22:35:37,061	36817	io.github.bonigarcia.wdm.WebDriverManager	[main]	Using msedgedriver 109.0.1518.55 (resolved driver for Edge 109)
INFO	2023-01-18 22:35:37,084	36840	io.github.bonigarcia.wdm.WebDriverManager	[main]	Exporting webdriver.edge.driver as C:\Users\sethi\.cache\selenium\msedgedriver\win64\109.0.1518.55\msedgedriver.exe
INFO	2023-01-18 22:35:44,723	44479	sprede.stepdefinitions.BaseSteps	[main]	Login sprede using valid user name and password is started
INFO	2023-01-18 22:35:51,712	51468	sprede.stepdefinitions.BaseSteps	[main]	Login sprede using valid user name and password:PASSED
INFO	2023-01-20 10:02:44,610	0	TestActivity	[main]	Starting Test Session...
INFO	2023-01-20 10:02:44,636	26	TestActivity	[main]	Initializing Test Data...
INFO	2023-01-20 10:02:52,823	1	TestActivity	[main]	Starting Test Session...
INFO	2023-01-20 10:02:52,823	1	TestActivity	[main]	Initializing Test Data...
INFO	2023-01-20 10:02:53,018	8408	io.github.bonigarcia.wdm.WebDriverManager	[main]	Using msedgedriver 109.0.1518.61 (resolved driver for Edge 109)
INFO	2023-01-20 10:02:53,084	8474	io.github.bonigarcia.wdm.WebDriverManager	[main]	Reading https://msedgedriver.azureedge.net/?restype=container&comp=list to seek msedgedriver
INFO	2023-01-20 10:02:55,129	2307	io.github.bonigarcia.wdm.WebDriverManager	[main]	Using msedgedriver 109.0.1518.61 (resolved driver for Edge 109)
INFO	2023-01-20 10:02:55,286	10676	io.github.bonigarcia.wdm.online.Downloader	[main]	Downloading https://msedgedriver.azureedge.net/109.0.1518.61/edgedriver_win64.zip
INFO	2023-01-20 10:02:55,307	2485	io.github.bonigarcia.wdm.WebDriverManager	[main]	Reading https://msedgedriver.azureedge.net/?restype=container&comp=list to seek msedgedriver
INFO	2023-01-20 10:02:56,213	11603	io.github.bonigarcia.wdm.online.Downloader	[main]	Extracting driver from compressed file edgedriver_win64.zip
INFO	2023-01-20 10:02:57,256	12646	io.github.bonigarcia.wdm.WebDriverManager	[main]	Exporting webdriver.edge.driver as C:\Users\sethi\.cache\selenium\msedgedriver\win64\109.0.1518.61\msedgedriver.exe
INFO	2023-01-20 10:02:58,512	5690	io.github.bonigarcia.wdm.WebDriverManager	[main]	Exporting webdriver.edge.driver as C:\Users\sethi\.cache\selenium\msedgedriver\win64\109.0.1518.61\msedgedriver.exe
INFO	2023-01-20 10:03:11,672	18850	sprede.stepdefinitions.BaseSteps	[main]	Creating post for the user is started
INFO	2023-01-20 10:03:13,727	29117	sprede.stepdefinitions.BaseSteps	[main]	Creating post for the user is started
INFO	2023-01-20 12:43:09,938	0	TestActivity	[main]	Starting Test Session...
INFO	2023-01-20 12:43:09,939	1	TestActivity	[main]	Initializing Test Data...
INFO	2023-01-20 12:43:11,474	1536	io.github.bonigarcia.wdm.WebDriverManager	[main]	Using msedgedriver 109.0.1518.61 (resolved driver for Edge 109)
INFO	2023-01-20 12:43:11,504	1566	io.github.bonigarcia.wdm.WebDriverManager	[main]	Exporting webdriver.edge.driver as C:\Users\sethi\.cache\selenium\msedgedriver\win64\109.0.1518.61\msedgedriver.exe
INFO	2023-01-20 12:43:19,760	9822	sprede.stepdefinitions.BaseSteps	[main]	Creating post for the user is started
INFO	2023-01-20 12:43:26,279	16341	sprede.stepdefinitions.BaseSteps	[main]	Creating post for the user:PASSED
INFO	2023-01-20 14:51:51,323	0	TestActivity	[main]	Starting Test Session...
INFO	2023-01-20 14:51:51,324	1	TestActivity	[main]	Initializing Test Data...
INFO	2023-01-20 14:51:52,965	1642	io.github.bonigarcia.wdm.WebDriverManager	[main]	Using msedgedriver 109.0.1518.61 (resolved driver for Edge 109)
INFO	2023-01-20 14:51:52,994	1671	io.github.bonigarcia.wdm.WebDriverManager	[main]	Exporting webdriver.edge.driver as C:\Users\sethi\.cache\selenium\msedgedriver\win64\109.0.1518.61\msedgedriver.exe
INFO	2023-01-20 14:52:00,685	9362	sprede.stepdefinitions.BaseSteps	[main]	Creating post for the user is started
INFO	2023-01-20 14:52:07,753	16430	sprede.stepdefinitions.BaseSteps	[main]	Creating post for the user:FAILED
INFO	2023-01-20 14:56:46,720	0	TestActivity	[main]	Starting Test Session...
INFO	2023-01-20 14:56:46,721	1	TestActivity	[main]	Initializing Test Data...
INFO	2023-01-20 14:56:47,286	566	io.github.bonigarcia.wdm.WebDriverManager	[main]	Using msedgedriver 109.0.1518.61 (resolved driver for Edge 109)
INFO	2023-01-20 14:56:47,325	605	io.github.bonigarcia.wdm.WebDriverManager	[main]	Exporting webdriver.edge.driver as C:\Users\sethi\.cache\selenium\msedgedriver\win64\109.0.1518.61\msedgedriver.exe
INFO	2023-01-20 14:56:54,618	7898	sprede.stepdefinitions.BaseSteps	[main]	Creating post for the user is started
INFO	2023-01-20 14:57:01,695	14975	sprede.stepdefinitions.BaseSteps	[main]	Creating post for the user:FAILED
INFO	2023-01-20 14:58:21,672	0	TestActivity	[main]	Starting Test Session...
INFO	2023-01-20 14:58:21,673	1	TestActivity	[main]	Initializing Test Data...
INFO	2023-01-20 14:58:22,249	577	io.github.bonigarcia.wdm.WebDriverManager	[main]	Using msedgedriver 109.0.1518.61 (resolved driver for Edge 109)
INFO	2023-01-20 14:58:22,286	614	io.github.bonigarcia.wdm.WebDriverManager	[main]	Exporting webdriver.edge.driver as C:\Users\sethi\.cache\selenium\msedgedriver\win64\109.0.1518.61\msedgedriver.exe
INFO	2023-01-20 14:58:29,260	7588	sprede.stepdefinitions.BaseSteps	[main]	Creating post for the user is started
INFO	2023-01-20 14:58:36,280	14608	sprede.stepdefinitions.BaseSteps	[main]	Creating post for the user:FAILED
INFO	2023-01-20 14:59:59,076	0	TestActivity	[main]	Starting Test Session...
INFO	2023-01-20 14:59:59,077	1	TestActivity	[main]	Initializing Test Data...
INFO	2023-01-20 14:59:59,655	579	io.github.bonigarcia.wdm.WebDriverManager	[main]	Using msedgedriver 109.0.1518.61 (resolved driver for Edge 109)
INFO	2023-01-20 14:59:59,693	617	io.github.bonigarcia.wdm.WebDriverManager	[main]	Exporting webdriver.edge.driver as C:\Users\sethi\.cache\selenium\msedgedriver\win64\109.0.1518.61\msedgedriver.exe
INFO	2023-01-20 15:00:06,617	7541	sprede.stepdefinitions.BaseSteps	[main]	Creating post for the user is started
INFO	2023-01-20 15:00:13,655	14579	sprede.stepdefinitions.BaseSteps	[main]	Creating post for the user:FAILED
INFO	2023-01-20 15:02:42,132	0	TestActivity	[main]	Starting Test Session...
INFO	2023-01-20 15:02:42,133	1	TestActivity	[main]	Initializing Test Data...
INFO	2023-01-20 15:02:42,680	548	io.github.bonigarcia.wdm.WebDriverManager	[main]	Using msedgedriver 109.0.1518.61 (resolved driver for Edge 109)
INFO	2023-01-20 15:02:42,717	585	io.github.bonigarcia.wdm.WebDriverManager	[main]	Exporting webdriver.edge.driver as C:\Users\sethi\.cache\selenium\msedgedriver\win64\109.0.1518.61\msedgedriver.exe
INFO	2023-01-20 15:02:49,849	7717	sprede.stepdefinitions.BaseSteps	[main]	Creating post for the user is started
INFO	2023-01-20 15:02:56,837	14705	sprede.stepdefinitions.BaseSteps	[main]	Creating post for the user:FAILED
INFO	2023-01-20 15:04:06,350	0	TestActivity	[main]	Starting Test Session...
INFO	2023-01-20 15:04:06,352	2	TestActivity	[main]	Initializing Test Data...
INFO	2023-01-20 15:04:07,024	674	io.github.bonigarcia.wdm.WebDriverManager	[main]	Using msedgedriver 109.0.1518.61 (resolved driver for Edge 109)
INFO	2023-01-20 15:04:07,067	717	io.github.bonigarcia.wdm.WebDriverManager	[main]	Exporting webdriver.edge.driver as C:\Users\sethi\.cache\selenium\msedgedriver\win64\109.0.1518.61\msedgedriver.exe
INFO	2023-01-20 15:04:14,349	7999	sprede.stepdefinitions.BaseSteps	[main]	Creating post for the user is started
INFO	2023-01-20 15:04:21,486	15136	sprede.stepdefinitions.BaseSteps	[main]	Creating post for the user:FAILED
INFO	2023-01-20 15:08:39,857	0	TestActivity	[main]	Starting Test Session...
INFO	2023-01-20 15:08:39,858	1	TestActivity	[main]	Initializing Test Data...
INFO	2023-01-20 15:08:40,396	539	io.github.bonigarcia.wdm.WebDriverManager	[main]	Using msedgedriver 109.0.1518.61 (resolved driver for Edge 109)
INFO	2023-01-20 15:08:40,435	578	io.github.bonigarcia.wdm.WebDriverManager	[main]	Exporting webdriver.edge.driver as C:\Users\sethi\.cache\selenium\msedgedriver\win64\109.0.1518.61\msedgedriver.exe
INFO	2023-01-20 15:08:47,434	7577	sprede.stepdefinitions.BaseSteps	[main]	Creating post for the user is started
INFO	2023-01-20 15:08:54,544	14687	sprede.stepdefinitions.BaseSteps	[main]	Creating post for the user:FAILED
INFO	2023-01-20 15:11:45,943	0	TestActivity	[main]	Starting Test Session...
INFO	2023-01-20 15:11:45,944	1	TestActivity	[main]	Initializing Test Data...
INFO	2023-01-20 15:11:46,553	610	io.github.bonigarcia.wdm.WebDriverManager	[main]	Using msedgedriver 109.0.1518.61 (resolved driver for Edge 109)
INFO	2023-01-20 15:11:46,595	652	io.github.bonigarcia.wdm.WebDriverManager	[main]	Exporting webdriver.edge.driver as C:\Users\sethi\.cache\selenium\msedgedriver\win64\109.0.1518.61\msedgedriver.exe
INFO	2023-01-20 15:11:53,634	7691	sprede.stepdefinitions.BaseSteps	[main]	Creating post for the user is started
INFO	2023-01-20 15:12:51,076	0	TestActivity	[main]	Starting Test Session...
INFO	2023-01-20 15:12:51,077	1	TestActivity	[main]	Initializing Test Data...
INFO	2023-01-20 15:12:51,610	534	io.github.bonigarcia.wdm.WebDriverManager	[main]	Using msedgedriver 109.0.1518.61 (resolved driver for Edge 109)
INFO	2023-01-20 15:12:51,645	569	io.github.bonigarcia.wdm.WebDriverManager	[main]	Exporting webdriver.edge.driver as C:\Users\sethi\.cache\selenium\msedgedriver\win64\109.0.1518.61\msedgedriver.exe
INFO	2023-01-20 15:12:58,565	7489	sprede.stepdefinitions.BaseSteps	[main]	Creating post for the user is started
INFO	2023-01-20 15:18:44,801	0	TestActivity	[main]	Starting Test Session...
INFO	2023-01-20 15:18:44,803	2	TestActivity	[main]	Initializing Test Data...
INFO	2023-01-20 15:18:45,655	854	io.github.bonigarcia.wdm.WebDriverManager	[main]	Using msedgedriver 109.0.1518.61 (resolved driver for Edge 109)
INFO	2023-01-20 15:18:45,694	893	io.github.bonigarcia.wdm.WebDriverManager	[main]	Exporting webdriver.edge.driver as C:\Users\sethi\.cache\selenium\msedgedriver\win64\109.0.1518.61\msedgedriver.exe
INFO	2023-01-20 15:18:53,337	8536	sprede.stepdefinitions.BaseSteps	[main]	Creating post for the user is started
INFO	2023-01-20 15:19:21,907	37106	sprede.stepdefinitions.BaseSteps	[main]	Creating post for the user:FAILED
INFO	2023-01-20 15:28:58,846	0	TestActivity	[main]	Starting Test Session...
INFO	2023-01-20 15:28:58,847	1	TestActivity	[main]	Initializing Test Data...
INFO	2023-01-20 15:28:59,469	623	io.github.bonigarcia.wdm.WebDriverManager	[main]	Using msedgedriver 109.0.1518.61 (resolved driver for Edge 109)
INFO	2023-01-20 15:28:59,508	662	io.github.bonigarcia.wdm.WebDriverManager	[main]	Exporting webdriver.edge.driver as C:\Users\sethi\.cache\selenium\msedgedriver\win64\109.0.1518.61\msedgedriver.exe
INFO	2023-01-20 15:29:06,657	7811	sprede.stepdefinitions.BaseSteps	[main]	Creating post for the user is started
INFO	2023-01-20 15:29:34,971	36125	sprede.stepdefinitions.BaseSteps	[main]	Creating post for the user:FAILED
INFO	2023-01-20 15:31:21,372	0	TestActivity	[main]	Starting Test Session...
INFO	2023-01-20 15:31:21,373	1	TestActivity	[main]	Initializing Test Data...
INFO	2023-01-20 15:31:21,931	559	io.github.bonigarcia.wdm.WebDriverManager	[main]	Using msedgedriver 109.0.1518.61 (resolved driver for Edge 109)
INFO	2023-01-20 15:31:21,966	594	io.github.bonigarcia.wdm.WebDriverManager	[main]	Exporting webdriver.edge.driver as C:\Users\sethi\.cache\selenium\msedgedriver\win64\109.0.1518.61\msedgedriver.exe
INFO	2023-01-20 15:31:29,048	7676	sprede.stepdefinitions.BaseSteps	[main]	Creating post for the user is started
INFO	2023-01-20 15:31:57,233	35861	sprede.stepdefinitions.BaseSteps	[main]	Creating post for the user:FAILED
INFO	2023-01-20 15:32:14,767	0	TestActivity	[main]	Starting Test Session...
INFO	2023-01-20 15:32:14,768	1	TestActivity	[main]	Initializing Test Data...
INFO	2023-01-20 15:32:15,367	600	io.github.bonigarcia.wdm.WebDriverManager	[main]	Using msedgedriver 109.0.1518.61 (resolved driver for Edge 109)
INFO	2023-01-20 15:32:15,405	638	io.github.bonigarcia.wdm.WebDriverManager	[main]	Exporting webdriver.edge.driver as C:\Users\sethi\.cache\selenium\msedgedriver\win64\109.0.1518.61\msedgedriver.exe
INFO	2023-01-20 15:32:22,449	7682	sprede.stepdefinitions.BaseSteps	[main]	Creating post for the user is started
INFO	2023-01-20 15:32:50,572	35805	sprede.stepdefinitions.BaseSteps	[main]	Creating post for the user:FAILED
INFO	2023-01-20 15:49:25,247	0	TestActivity	[main]	Starting Test Session...
INFO	2023-01-20 15:49:25,248	1	TestActivity	[main]	Initializing Test Data...
INFO	2023-01-20 15:49:25,871	624	io.github.bonigarcia.wdm.WebDriverManager	[main]	Using msedgedriver 109.0.1518.61 (resolved driver for Edge 109)
INFO	2023-01-20 15:49:25,934	687	io.github.bonigarcia.wdm.WebDriverManager	[main]	Exporting webdriver.edge.driver as C:\Users\sethi\.cache\selenium\msedgedriver\win64\109.0.1518.61\msedgedriver.exe
INFO	2023-01-20 15:49:33,231	7984	sprede.stepdefinitions.BaseSteps	[main]	Creating post for the user is started
INFO	2023-01-20 15:50:01,630	36383	sprede.stepdefinitions.BaseSteps	[main]	Creating post for the user:FAILED
INFO	2023-01-20 15:55:12,079	0	TestActivity	[main]	Starting Test Session...
INFO	2023-01-20 15:55:12,080	1	TestActivity	[main]	Initializing Test Data...
INFO	2023-01-20 15:55:13,430	1351	io.github.bonigarcia.wdm.WebDriverManager	[main]	Using msedgedriver 109.0.1518.61 (resolved driver for Edge 109)
INFO	2023-01-20 15:55:13,454	1375	io.github.bonigarcia.wdm.WebDriverManager	[main]	Exporting webdriver.edge.driver as C:\Users\sethi\.cache\selenium\msedgedriver\win64\109.0.1518.61\msedgedriver.exe
INFO	2023-01-20 15:55:20,531	8452	sprede.stepdefinitions.BaseSteps	[main]	Creating post for the user is started
INFO	2023-01-20 15:55:30,065	17986	sprede.stepdefinitions.BaseSteps	[main]	Creating post for the user:FAILED
INFO	2023-01-20 15:58:45,715	0	TestActivity	[main]	Starting Test Session...
INFO	2023-01-20 15:58:45,716	1	TestActivity	[main]	Initializing Test Data...
INFO	2023-01-20 15:58:46,257	542	io.github.bonigarcia.wdm.WebDriverManager	[main]	Using msedgedriver 109.0.1518.61 (resolved driver for Edge 109)
INFO	2023-01-20 15:58:46,291	576	io.github.bonigarcia.wdm.WebDriverManager	[main]	Exporting webdriver.edge.driver as C:\Users\sethi\.cache\selenium\msedgedriver\win64\109.0.1518.61\msedgedriver.exe
INFO	2023-01-20 15:58:53,470	7755	sprede.stepdefinitions.BaseSteps	[main]	Creating post for the user is started
INFO	2023-01-20 15:59:01,706	15991	sprede.stepdefinitions.BaseSteps	[main]	Creating post for the user:FAILED
INFO	2023-01-20 16:00:39,148	0	TestActivity	[main]	Starting Test Session...
INFO	2023-01-20 16:00:39,148	0	TestActivity	[main]	Initializing Test Data...
INFO	2023-01-20 16:00:39,716	568	io.github.bonigarcia.wdm.WebDriverManager	[main]	Using msedgedriver 109.0.1518.61 (resolved driver for Edge 109)
INFO	2023-01-20 16:00:39,749	601	io.github.bonigarcia.wdm.WebDriverManager	[main]	Exporting webdriver.edge.driver as C:\Users\sethi\.cache\selenium\msedgedriver\win64\109.0.1518.61\msedgedriver.exe
INFO	2023-01-20 16:00:46,894	7746	sprede.stepdefinitions.BaseSteps	[main]	Creating post for the user is started
INFO	2023-01-20 16:00:55,156	16008	sprede.stepdefinitions.BaseSteps	[main]	Creating post for the user:PASSED
INFO	2023-01-20 16:01:31,161	0	TestActivity	[main]	Starting Test Session...
INFO	2023-01-20 16:01:31,161	0	TestActivity	[main]	Initializing Test Data...
INFO	2023-01-20 16:01:31,712	551	io.github.bonigarcia.wdm.WebDriverManager	[main]	Using msedgedriver 109.0.1518.61 (resolved driver for Edge 109)
INFO	2023-01-20 16:01:31,748	587	io.github.bonigarcia.wdm.WebDriverManager	[main]	Exporting webdriver.edge.driver as C:\Users\sethi\.cache\selenium\msedgedriver\win64\109.0.1518.61\msedgedriver.exe
INFO	2023-01-20 16:01:38,826	7665	sprede.stepdefinitions.BaseSteps	[main]	Creating post for the user is started
INFO	2023-01-20 16:01:47,098	15937	sprede.stepdefinitions.BaseSteps	[main]	Creating post for the user:PASSED
INFO	2023-01-20 16:02:22,373	0	TestActivity	[main]	Starting Test Session...
INFO	2023-01-20 16:02:22,374	1	TestActivity	[main]	Initializing Test Data...
INFO	2023-01-20 16:02:22,934	561	io.github.bonigarcia.wdm.WebDriverManager	[main]	Using msedgedriver 109.0.1518.61 (resolved driver for Edge 109)
INFO	2023-01-20 16:02:22,970	597	io.github.bonigarcia.wdm.WebDriverManager	[main]	Exporting webdriver.edge.driver as C:\Users\sethi\.cache\selenium\msedgedriver\win64\109.0.1518.61\msedgedriver.exe
INFO	2023-01-20 16:02:29,972	7599	sprede.stepdefinitions.BaseSteps	[main]	Creating post for the user is started
INFO	2023-01-20 16:02:37,993	15620	sprede.stepdefinitions.BaseSteps	[main]	Creating post for the user:PASSED
INFO	2023-01-20 16:08:04,070	0	TestActivity	[main]	Starting Test Session...
INFO	2023-01-20 16:08:04,071	1	TestActivity	[main]	Initializing Test Data...
INFO	2023-01-20 16:08:04,666	596	io.github.bonigarcia.wdm.WebDriverManager	[main]	Using msedgedriver 109.0.1518.61 (resolved driver for Edge 109)
INFO	2023-01-20 16:08:04,713	643	io.github.bonigarcia.wdm.WebDriverManager	[main]	Exporting webdriver.edge.driver as C:\Users\sethi\.cache\selenium\msedgedriver\win64\109.0.1518.61\msedgedriver.exe
INFO	2023-01-20 16:08:11,930	7860	sprede.stepdefinitions.BaseSteps	[main]	Creating post for the user is started
INFO	2023-01-20 16:08:20,347	16277	sprede.stepdefinitions.BaseSteps	[main]	Creating post for the user:PASSED
INFO	2023-01-20 16:08:45,065	0	TestActivity	[main]	Starting Test Session...
INFO	2023-01-20 16:08:45,066	1	TestActivity	[main]	Initializing Test Data...
INFO	2023-01-20 16:08:45,637	572	io.github.bonigarcia.wdm.WebDriverManager	[main]	Using msedgedriver 109.0.1518.61 (resolved driver for Edge 109)
INFO	2023-01-20 16:08:45,678	613	io.github.bonigarcia.wdm.WebDriverManager	[main]	Exporting webdriver.edge.driver as C:\Users\sethi\.cache\selenium\msedgedriver\win64\109.0.1518.61\msedgedriver.exe
INFO	2023-01-20 16:08:52,849	7784	sprede.stepdefinitions.BaseSteps	[main]	Creating post for the user is started
INFO	2023-01-20 16:09:01,189	16124	sprede.stepdefinitions.BaseSteps	[main]	Creating post for the user:PASSED
INFO	2023-01-20 16:09:52,790	1	TestActivity	[main]	Starting Test Session...
INFO	2023-01-20 16:09:52,790	1	TestActivity	[main]	Initializing Test Data...
INFO	2023-01-20 16:09:53,318	529	io.github.bonigarcia.wdm.WebDriverManager	[main]	Using msedgedriver 109.0.1518.61 (resolved driver for Edge 109)
INFO	2023-01-20 16:09:53,354	565	io.github.bonigarcia.wdm.WebDriverManager	[main]	Exporting webdriver.edge.driver as C:\Users\sethi\.cache\selenium\msedgedriver\win64\109.0.1518.61\msedgedriver.exe
INFO	2023-01-20 16:10:00,502	7713	sprede.stepdefinitions.BaseSteps	[main]	Creating post for the user is started
INFO	2023-01-20 16:10:08,623	15834	sprede.stepdefinitions.BaseSteps	[main]	Creating post for the user:PASSED
INFO	2023-01-20 16:10:43,968	0	TestActivity	[main]	Starting Test Session...
INFO	2023-01-20 16:10:43,969	1	TestActivity	[main]	Initializing Test Data...
INFO	2023-01-20 16:10:44,491	523	io.github.bonigarcia.wdm.WebDriverManager	[main]	Using msedgedriver 109.0.1518.61 (resolved driver for Edge 109)
INFO	2023-01-20 16:10:44,525	557	io.github.bonigarcia.wdm.WebDriverManager	[main]	Exporting webdriver.edge.driver as C:\Users\sethi\.cache\selenium\msedgedriver\win64\109.0.1518.61\msedgedriver.exe
INFO	2023-01-20 16:10:51,580	7612	sprede.stepdefinitions.BaseSteps	[main]	Creating post for the user is started
INFO	2023-01-20 16:10:59,588	15620	sprede.stepdefinitions.BaseSteps	[main]	Creating post for the user:PASSED
INFO	2023-01-23 11:51:14,277	0	TestActivity	[main]	Starting Test Session...
INFO	2023-01-23 11:51:14,283	6	TestActivity	[main]	Initializing Test Data...
INFO	2023-01-23 11:51:18,968	4691	io.github.bonigarcia.wdm.WebDriverManager	[main]	Using msedgedriver 109.0.1518.61 (resolved driver for Edge 109)
INFO	2023-01-23 11:51:19,121	4844	io.github.bonigarcia.wdm.WebDriverManager	[main]	Exporting webdriver.edge.driver as C:\Users\sethi\.cache\selenium\msedgedriver\win64\109.0.1518.61\msedgedriver.exe
INFO	2023-01-23 11:51:30,187	15910	sprede.stepdefinitions.BaseSteps	[main]	Creating an target for the user is started
INFO	2023-01-23 11:52:05,362	51085	sprede.stepdefinitions.BaseSteps	[main]	Creating an target for the user:FAILED
INFO	2023-01-23 11:55:54,218	0	TestActivity	[main]	Starting Test Session...
INFO	2023-01-23 11:55:54,219	1	TestActivity	[main]	Initializing Test Data...
INFO	2023-01-23 11:55:55,062	844	io.github.bonigarcia.wdm.WebDriverManager	[main]	Using msedgedriver 109.0.1518.61 (resolved driver for Edge 109)
INFO	2023-01-23 11:55:55,120	902	io.github.bonigarcia.wdm.WebDriverManager	[main]	Exporting webdriver.edge.driver as C:\Users\sethi\.cache\selenium\msedgedriver\win64\109.0.1518.61\msedgedriver.exe
INFO	2023-01-23 11:56:03,828	9610	sprede.stepdefinitions.BaseSteps	[main]	Creating an target for the user is started
INFO	2023-01-23 11:56:18,055	23837	sprede.stepdefinitions.BaseSteps	[main]	Creating an target for the user:PASSED
INFO	2023-01-23 12:19:40,532	0	TestActivity	[main]	Starting Test Session...
INFO	2023-01-23 12:19:40,533	1	TestActivity	[main]	Initializing Test Data...
INFO	2023-01-23 12:19:41,213	681	io.github.bonigarcia.wdm.WebDriverManager	[main]	Using msedgedriver 109.0.1518.61 (resolved driver for Edge 109)
INFO	2023-01-23 12:19:41,249	717	io.github.bonigarcia.wdm.WebDriverManager	[main]	Exporting webdriver.edge.driver as C:\Users\sethi\.cache\selenium\msedgedriver\win64\109.0.1518.61\msedgedriver.exe
INFO	2023-01-23 12:19:49,869	9337	sprede.stepdefinitions.BaseSteps	[main]	Creating an target for the user is started
INFO	2023-01-23 12:20:04,044	23512	sprede.stepdefinitions.BaseSteps	[main]	Creating an target for the user:FAILED
INFO	2023-01-23 12:22:31,030	0	TestActivity	[main]	Starting Test Session...
INFO	2023-01-23 12:22:31,031	1	TestActivity	[main]	Initializing Test Data...
INFO	2023-01-23 12:22:31,615	585	io.github.bonigarcia.wdm.WebDriverManager	[main]	Using msedgedriver 109.0.1518.61 (resolved driver for Edge 109)
INFO	2023-01-23 12:22:31,650	620	io.github.bonigarcia.wdm.WebDriverManager	[main]	Exporting webdriver.edge.driver as C:\Users\sethi\.cache\selenium\msedgedriver\win64\109.0.1518.61\msedgedriver.exe
INFO	2023-01-23 12:22:39,490	8460	sprede.stepdefinitions.BaseSteps	[main]	Creating an target for the user is started
INFO	2023-01-23 12:22:53,519	22489	sprede.stepdefinitions.BaseSteps	[main]	Creating an target for the user:FAILED
INFO	2023-01-23 12:40:03,274	0	TestActivity	[main]	Starting Test Session...
INFO	2023-01-23 12:40:03,275	1	TestActivity	[main]	Initializing Test Data...
INFO	2023-01-23 12:40:04,156	882	io.github.bonigarcia.wdm.WebDriverManager	[main]	Using msedgedriver 109.0.1518.61 (resolved driver for Edge 109)
INFO	2023-01-23 12:40:04,219	945	io.github.bonigarcia.wdm.WebDriverManager	[main]	Exporting webdriver.edge.driver as C:\Users\sethi\.cache\selenium\msedgedriver\win64\109.0.1518.61\msedgedriver.exe
INFO	2023-01-23 12:40:12,570	9296	sprede.stepdefinitions.BaseSteps	[main]	Creating an target for the user is started
INFO	2023-01-23 12:40:26,804	23530	sprede.stepdefinitions.BaseSteps	[main]	Creating an target for the user:FAILED
INFO	2023-01-23 12:41:16,188	0	TestActivity	[main]	Starting Test Session...
INFO	2023-01-23 12:41:16,189	1	TestActivity	[main]	Initializing Test Data...
INFO	2023-01-23 12:41:16,807	619	io.github.bonigarcia.wdm.WebDriverManager	[main]	Using msedgedriver 109.0.1518.61 (resolved driver for Edge 109)
INFO	2023-01-23 12:41:16,847	659	io.github.bonigarcia.wdm.WebDriverManager	[main]	Exporting webdriver.edge.driver as C:\Users\sethi\.cache\selenium\msedgedriver\win64\109.0.1518.61\msedgedriver.exe
INFO	2023-01-23 12:41:24,153	7965	sprede.stepdefinitions.BaseSteps	[main]	Creating an target for the user is started
INFO	2023-01-23 12:41:38,041	21853	sprede.stepdefinitions.BaseSteps	[main]	Creating an target for the user:FAILED
INFO	2023-01-23 12:44:17,929	0	TestActivity	[main]	Starting Test Session...
INFO	2023-01-23 12:44:17,935	6	TestActivity	[main]	Initializing Test Data...
INFO	2023-01-23 12:44:18,780	851	io.github.bonigarcia.wdm.WebDriverManager	[main]	Using msedgedriver 109.0.1518.61 (resolved driver for Edge 109)
INFO	2023-01-23 12:44:18,848	919	io.github.bonigarcia.wdm.WebDriverManager	[main]	Exporting webdriver.edge.driver as C:\Users\sethi\.cache\selenium\msedgedriver\win64\109.0.1518.61\msedgedriver.exe
INFO	2023-01-23 12:44:28,026	10097	sprede.stepdefinitions.BaseSteps	[main]	Creating an target for the user is started
INFO	2023-01-23 12:46:05,755	0	TestActivity	[main]	Starting Test Session...
INFO	2023-01-23 12:46:05,756	1	TestActivity	[main]	Initializing Test Data...
INFO	2023-01-23 12:46:06,875	1120	io.github.bonigarcia.wdm.WebDriverManager	[main]	Using msedgedriver 109.0.1518.61 (resolved driver for Edge 109)
INFO	2023-01-23 12:46:06,928	1173	io.github.bonigarcia.wdm.WebDriverManager	[main]	Exporting webdriver.edge.driver as C:\Users\sethi\.cache\selenium\msedgedriver\win64\109.0.1518.61\msedgedriver.exe
INFO	2023-01-23 12:46:14,305	8550	sprede.stepdefinitions.BaseSteps	[main]	Creating an target for the user is started
INFO	2023-01-23 12:46:28,156	22401	sprede.stepdefinitions.BaseSteps	[main]	Creating an target for the user:FAILED
INFO	2023-01-23 12:48:32,881	0	TestActivity	[main]	Starting Test Session...
INFO	2023-01-23 12:48:32,882	1	TestActivity	[main]	Initializing Test Data...
INFO	2023-01-23 12:48:33,495	614	io.github.bonigarcia.wdm.WebDriverManager	[main]	Using msedgedriver 109.0.1518.61 (resolved driver for Edge 109)
INFO	2023-01-23 12:48:33,534	653	io.github.bonigarcia.wdm.WebDriverManager	[main]	Exporting webdriver.edge.driver as C:\Users\sethi\.cache\selenium\msedgedriver\win64\109.0.1518.61\msedgedriver.exe
INFO	2023-01-23 12:48:41,200	8319	sprede.stepdefinitions.BaseSteps	[main]	Creating an target for the user is started
INFO	2023-01-23 12:48:55,512	22631	sprede.stepdefinitions.BaseSteps	[main]	Creating an target for the user:FAILED
INFO	2023-01-23 12:50:01,174	0	TestActivity	[main]	Starting Test Session...
INFO	2023-01-23 12:50:01,175	1	TestActivity	[main]	Initializing Test Data...
INFO	2023-01-23 12:50:01,758	584	io.github.bonigarcia.wdm.WebDriverManager	[main]	Using msedgedriver 109.0.1518.61 (resolved driver for Edge 109)
INFO	2023-01-23 12:50:01,798	624	io.github.bonigarcia.wdm.WebDriverManager	[main]	Exporting webdriver.edge.driver as C:\Users\sethi\.cache\selenium\msedgedriver\win64\109.0.1518.61\msedgedriver.exe
INFO	2023-01-23 12:50:09,186	8012	sprede.stepdefinitions.BaseSteps	[main]	Creating an target for the user is started
INFO	2023-01-23 12:50:23,382	22208	sprede.stepdefinitions.BaseSteps	[main]	Creating an target for the user:FAILED
INFO	2023-01-23 12:51:08,636	0	TestActivity	[main]	Starting Test Session...
INFO	2023-01-23 12:51:08,637	1	TestActivity	[main]	Initializing Test Data...
INFO	2023-01-23 12:51:09,265	629	io.github.bonigarcia.wdm.WebDriverManager	[main]	Using msedgedriver 109.0.1518.61 (resolved driver for Edge 109)
INFO	2023-01-23 12:51:09,312	676	io.github.bonigarcia.wdm.WebDriverManager	[main]	Exporting webdriver.edge.driver as C:\Users\sethi\.cache\selenium\msedgedriver\win64\109.0.1518.61\msedgedriver.exe
INFO	2023-01-23 12:51:16,528	7892	sprede.stepdefinitions.BaseSteps	[main]	Creating an target for the user is started
INFO	2023-01-23 12:51:30,474	21838	sprede.stepdefinitions.BaseSteps	[main]	Creating an target for the user:FAILED
INFO	2023-01-23 12:52:34,762	0	TestActivity	[main]	Starting Test Session...
INFO	2023-01-23 12:52:34,763	1	TestActivity	[main]	Initializing Test Data...
INFO	2023-01-23 12:52:36,712	1950	io.github.bonigarcia.wdm.WebDriverManager	[main]	Using msedgedriver 109.0.1518.61 (resolved driver for Edge 109)
INFO	2023-01-23 12:52:36,739	1977	io.github.bonigarcia.wdm.WebDriverManager	[main]	Exporting webdriver.edge.driver as C:\Users\sethi\.cache\selenium\msedgedriver\win64\109.0.1518.61\msedgedriver.exe
INFO	2023-01-23 12:52:44,445	9683	sprede.stepdefinitions.BaseSteps	[main]	Creating an target for the user is started
INFO	2023-01-23 12:52:58,842	24080	sprede.stepdefinitions.BaseSteps	[main]	Creating an target for the user:FAILED
INFO	2023-01-23 12:56:07,541	0	TestActivity	[main]	Starting Test Session...
INFO	2023-01-23 12:56:07,543	2	TestActivity	[main]	Initializing Test Data...
INFO	2023-01-23 12:56:08,167	626	io.github.bonigarcia.wdm.WebDriverManager	[main]	Using msedgedriver 109.0.1518.61 (resolved driver for Edge 109)
INFO	2023-01-23 12:56:08,207	666	io.github.bonigarcia.wdm.WebDriverManager	[main]	Exporting webdriver.edge.driver as C:\Users\sethi\.cache\selenium\msedgedriver\win64\109.0.1518.61\msedgedriver.exe
INFO	2023-01-23 12:56:15,645	8104	sprede.stepdefinitions.BaseSteps	[main]	Creating an target for the user is started
INFO	2023-01-23 12:56:29,694	22153	sprede.stepdefinitions.BaseSteps	[main]	Creating an target for the user:FAILED
INFO	2023-01-23 12:58:55,943	0	TestActivity	[main]	Starting Test Session...
INFO	2023-01-23 12:58:55,943	0	TestActivity	[main]	Initializing Test Data...
INFO	2023-01-23 12:58:56,484	541	io.github.bonigarcia.wdm.WebDriverManager	[main]	Using msedgedriver 109.0.1518.61 (resolved driver for Edge 109)
INFO	2023-01-23 12:58:56,521	578	io.github.bonigarcia.wdm.WebDriverManager	[main]	Exporting webdriver.edge.driver as C:\Users\sethi\.cache\selenium\msedgedriver\win64\109.0.1518.61\msedgedriver.exe
INFO	2023-01-23 12:59:04,316	8373	sprede.stepdefinitions.BaseSteps	[main]	Creating post for the user is started
INFO	2023-01-23 12:59:12,297	16354	sprede.stepdefinitions.BaseSteps	[main]	Creating post for the user:PASSED
